2021-12-02 07:44:10.817  INFO 1601 --- [main] c.e.f.FoodOrderConsumerApplicationTests  : Starting FoodOrderConsumerApplicationTests using Java 17.0.1 on Balajis-MacBook-Pro.local with PID 1601 (started by balajivaradharajan in /Users/balajivaradharajan/Documents/Development/Learning/Java/Spring/Kafka/handling-exception/food-order-consumer)
2021-12-02 07:44:10.818  INFO 1601 --- [main] c.e.f.FoodOrderConsumerApplicationTests  : The following profiles are active: local,clean
2021-12-02 07:44:11.451  INFO 1601 --- [main] .s.d.r.c.RepositoryConfigurationDelegate : Bootstrapping Spring Data JPA repositories in DEFAULT mode.
2021-12-02 07:44:11.471  INFO 1601 --- [main] .s.d.r.c.RepositoryConfigurationDelegate : Finished Spring Data repository scanning in 8 ms. Found 0 JPA repository interfaces.
2021-12-02 07:44:12.046  INFO 1601 --- [main] com.zaxxer.hikari.HikariDataSource       : HikariPool-1 - Starting...
2021-12-02 07:44:12.308  INFO 1601 --- [main] com.zaxxer.hikari.HikariDataSource       : HikariPool-1 - Start completed.
2021-12-02 07:44:12.385  INFO 1601 --- [main] o.hibernate.jpa.internal.util.LogHelper  : HHH000204: Processing PersistenceUnitInfo [name: default]
2021-12-02 07:44:12.449  INFO 1601 --- [main] org.hibernate.Version                    : HHH000412: Hibernate ORM core version 5.6.1.Final
2021-12-02 07:44:12.699  INFO 1601 --- [main] o.hibernate.annotations.common.Version   : HCANN000001: Hibernate Commons Annotations {5.1.2.Final}
2021-12-02 07:44:12.871  INFO 1601 --- [main] org.hibernate.dialect.Dialect            : HHH000400: Using dialect: org.hibernate.dialect.H2Dialect
2021-12-02 07:44:13.171  INFO 1601 --- [main] o.h.e.t.j.p.i.JtaPlatformInitiator       : HHH000490: Using JtaPlatform implementation: [org.hibernate.engine.transaction.jta.platform.internal.NoJtaPlatform]
2021-12-02 07:44:13.183  INFO 1601 --- [main] j.LocalContainerEntityManagerFactoryBean : Initialized JPA EntityManagerFactory for persistence unit 'default'
2021-12-02 07:44:13.626  WARN 1601 --- [main] JpaBaseConfiguration$JpaWebConfiguration : spring.jpa.open-in-view is enabled by default. Therefore, database queries may be performed during view rendering. Explicitly configure spring.jpa.open-in-view to disable this warning
2021-12-02 07:44:13.817  INFO 1601 --- [main] o.s.b.a.h2.H2ConsoleAutoConfiguration    : H2 console available at '/h2-console'. Database available at 'jdbc:h2:mem:foodinventorydb'
2021-12-02 07:44:14.195  INFO 1601 --- [main] o.a.k.clients.consumer.ConsumerConfig    : ConsumerConfig values: 
	allow.auto.create.topics = true
	auto.commit.interval.ms = 5000
	auto.offset.reset = earliest
	bootstrap.servers = [localhost:9092]
	check.crcs = true
	client.dns.lookup = use_all_dns_ips
	client.id = consumer-food-order-consumer-group-1
	client.rack = 
	connections.max.idle.ms = 540000
	default.api.timeout.ms = 60000
	enable.auto.commit = true
	exclude.internal.topics = true
	fetch.max.bytes = 52428800
	fetch.max.wait.ms = 500
	fetch.min.bytes = 1
	group.id = food-order-consumer-group
	group.instance.id = null
	heartbeat.interval.ms = 3000
	interceptor.classes = []
	internal.leave.group.on.close = true
	internal.throw.on.fetch.stable.offset.unsupported = false
	isolation.level = read_uncommitted
	key.deserializer = class org.apache.kafka.common.serialization.StringDeserializer
	max.partition.fetch.bytes = 1048576
	max.poll.interval.ms = 300000
	max.poll.records = 500
	metadata.max.age.ms = 12000
	metric.reporters = []
	metrics.num.samples = 2
	metrics.recording.level = INFO
	metrics.sample.window.ms = 30000
	partition.assignment.strategy = [class org.apache.kafka.clients.consumer.RangeAssignor, class org.apache.kafka.clients.consumer.CooperativeStickyAssignor]
	receive.buffer.bytes = 65536
	reconnect.backoff.max.ms = 1000
	reconnect.backoff.ms = 50
	request.timeout.ms = 30000
	retry.backoff.ms = 100
	sasl.client.callback.handler.class = null
	sasl.jaas.config = null
	sasl.kerberos.kinit.cmd = /usr/bin/kinit
	sasl.kerberos.min.time.before.relogin = 60000
	sasl.kerberos.service.name = null
	sasl.kerberos.ticket.renew.jitter = 0.05
	sasl.kerberos.ticket.renew.window.factor = 0.8
	sasl.login.callback.handler.class = null
	sasl.login.class = null
	sasl.login.refresh.buffer.seconds = 300
	sasl.login.refresh.min.period.seconds = 60
	sasl.login.refresh.window.factor = 0.8
	sasl.login.refresh.window.jitter = 0.05
	sasl.mechanism = GSSAPI
	security.protocol = PLAINTEXT
	security.providers = null
	send.buffer.bytes = 131072
	session.timeout.ms = 45000
	socket.connection.setup.timeout.max.ms = 30000
	socket.connection.setup.timeout.ms = 10000
	ssl.cipher.suites = null
	ssl.enabled.protocols = [TLSv1.2, TLSv1.3]
	ssl.endpoint.identification.algorithm = https
	ssl.engine.factory.class = null
	ssl.key.password = null
	ssl.keymanager.algorithm = SunX509
	ssl.keystore.certificate.chain = null
	ssl.keystore.key = null
	ssl.keystore.location = null
	ssl.keystore.password = null
	ssl.keystore.type = JKS
	ssl.protocol = TLSv1.3
	ssl.provider = null
	ssl.secure.random.implementation = null
	ssl.trustmanager.algorithm = PKIX
	ssl.truststore.certificates = null
	ssl.truststore.location = null
	ssl.truststore.password = null
	ssl.truststore.type = JKS
	value.deserializer = class org.apache.kafka.common.serialization.StringDeserializer

2021-12-02 07:44:14.322  INFO 1601 --- [main] o.a.kafka.common.utils.AppInfoParser     : Kafka version: 3.0.0
2021-12-02 07:44:14.322  INFO 1601 --- [main] o.a.kafka.common.utils.AppInfoParser     : Kafka commitId: 8cb0a5e9d3441962
2021-12-02 07:44:14.322  INFO 1601 --- [main] o.a.kafka.common.utils.AppInfoParser     : Kafka startTimeMs: 1638449054320
2021-12-02 07:44:14.325  INFO 1601 --- [main] o.a.k.clients.consumer.KafkaConsumer     : [Consumer clientId=consumer-food-order-consumer-group-1, groupId=food-order-consumer-group] Subscribed to topic(s): t.food.order
2021-12-02 07:44:14.335  INFO 1601 --- [main] o.a.k.clients.consumer.ConsumerConfig    : ConsumerConfig values: 
	allow.auto.create.topics = true
	auto.commit.interval.ms = 5000
	auto.offset.reset = earliest
	bootstrap.servers = [localhost:9092]
	check.crcs = true
	client.dns.lookup = use_all_dns_ips
	client.id = consumer-food-order-consumer-group-2
	client.rack = 
	connections.max.idle.ms = 540000
	default.api.timeout.ms = 60000
	enable.auto.commit = true
	exclude.internal.topics = true
	fetch.max.bytes = 52428800
	fetch.max.wait.ms = 500
	fetch.min.bytes = 1
	group.id = food-order-consumer-group
	group.instance.id = null
	heartbeat.interval.ms = 3000
	interceptor.classes = []
	internal.leave.group.on.close = true
	internal.throw.on.fetch.stable.offset.unsupported = false
	isolation.level = read_uncommitted
	key.deserializer = class org.apache.kafka.common.serialization.StringDeserializer
	max.partition.fetch.bytes = 1048576
	max.poll.interval.ms = 300000
	max.poll.records = 500
	metadata.max.age.ms = 12000
	metric.reporters = []
	metrics.num.samples = 2
	metrics.recording.level = INFO
	metrics.sample.window.ms = 30000
	partition.assignment.strategy = [class org.apache.kafka.clients.consumer.RangeAssignor, class org.apache.kafka.clients.consumer.CooperativeStickyAssignor]
	receive.buffer.bytes = 65536
	reconnect.backoff.max.ms = 1000
	reconnect.backoff.ms = 50
	request.timeout.ms = 30000
	retry.backoff.ms = 100
	sasl.client.callback.handler.class = null
	sasl.jaas.config = null
	sasl.kerberos.kinit.cmd = /usr/bin/kinit
	sasl.kerberos.min.time.before.relogin = 60000
	sasl.kerberos.service.name = null
	sasl.kerberos.ticket.renew.jitter = 0.05
	sasl.kerberos.ticket.renew.window.factor = 0.8
	sasl.login.callback.handler.class = null
	sasl.login.class = null
	sasl.login.refresh.buffer.seconds = 300
	sasl.login.refresh.min.period.seconds = 60
	sasl.login.refresh.window.factor = 0.8
	sasl.login.refresh.window.jitter = 0.05
	sasl.mechanism = GSSAPI
	security.protocol = PLAINTEXT
	security.providers = null
	send.buffer.bytes = 131072
	session.timeout.ms = 45000
	socket.connection.setup.timeout.max.ms = 30000
	socket.connection.setup.timeout.ms = 10000
	ssl.cipher.suites = null
	ssl.enabled.protocols = [TLSv1.2, TLSv1.3]
	ssl.endpoint.identification.algorithm = https
	ssl.engine.factory.class = null
	ssl.key.password = null
	ssl.keymanager.algorithm = SunX509
	ssl.keystore.certificate.chain = null
	ssl.keystore.key = null
	ssl.keystore.location = null
	ssl.keystore.password = null
	ssl.keystore.type = JKS
	ssl.protocol = TLSv1.3
	ssl.provider = null
	ssl.secure.random.implementation = null
	ssl.trustmanager.algorithm = PKIX
	ssl.truststore.certificates = null
	ssl.truststore.location = null
	ssl.truststore.password = null
	ssl.truststore.type = JKS
	value.deserializer = class org.apache.kafka.common.serialization.StringDeserializer

2021-12-02 07:44:14.343  INFO 1601 --- [main] o.a.kafka.common.utils.AppInfoParser     : Kafka version: 3.0.0
2021-12-02 07:44:14.343  INFO 1601 --- [main] o.a.kafka.common.utils.AppInfoParser     : Kafka commitId: 8cb0a5e9d3441962
2021-12-02 07:44:14.343  INFO 1601 --- [main] o.a.kafka.common.utils.AppInfoParser     : Kafka startTimeMs: 1638449054343
2021-12-02 07:44:14.343  INFO 1601 --- [main] o.a.k.clients.consumer.KafkaConsumer     : [Consumer clientId=consumer-food-order-consumer-group-2, groupId=food-order-consumer-group] Subscribed to topic(s): t.food.payment
2021-12-02 07:44:14.352  INFO 1601 --- [main] c.e.f.FoodOrderConsumerApplicationTests  : Started FoodOrderConsumerApplicationTests in 3.865 seconds (JVM running for 4.79)
2021-12-02 07:44:14.710  INFO 1601 --- [org.springframework.kafka.KafkaListenerEndpointContainer#0-0-C-1] org.apache.kafka.clients.Metadata        : [Consumer clientId=consumer-food-order-consumer-group-1, groupId=food-order-consumer-group] Cluster ID: 3_rJb2NxSPWqNeklBTT14w
2021-12-02 07:44:14.710  INFO 1601 --- [org.springframework.kafka.KafkaListenerEndpointContainer#1-0-C-1] org.apache.kafka.clients.Metadata        : [Consumer clientId=consumer-food-order-consumer-group-2, groupId=food-order-consumer-group] Cluster ID: 3_rJb2NxSPWqNeklBTT14w
2021-12-02 07:44:14.711  INFO 1601 --- [org.springframework.kafka.KafkaListenerEndpointContainer#0-0-C-1] o.a.k.c.c.internals.ConsumerCoordinator  : [Consumer clientId=consumer-food-order-consumer-group-1, groupId=food-order-consumer-group] Resetting generation due to: consumer pro-actively leaving the group
2021-12-02 07:44:14.711  INFO 1601 --- [org.springframework.kafka.KafkaListenerEndpointContainer#1-0-C-1] o.a.k.c.c.internals.ConsumerCoordinator  : [Consumer clientId=consumer-food-order-consumer-group-2, groupId=food-order-consumer-group] Resetting generation due to: consumer pro-actively leaving the group
2021-12-02 07:44:14.711  INFO 1601 --- [org.springframework.kafka.KafkaListenerEndpointContainer#0-0-C-1] o.a.k.c.c.internals.ConsumerCoordinator  : [Consumer clientId=consumer-food-order-consumer-group-1, groupId=food-order-consumer-group] Request joining group due to: consumer pro-actively leaving the group
2021-12-02 07:44:14.711  INFO 1601 --- [org.springframework.kafka.KafkaListenerEndpointContainer#0-0-C-1] o.a.k.clients.consumer.KafkaConsumer     : [Consumer clientId=consumer-food-order-consumer-group-1, groupId=food-order-consumer-group] Unsubscribed all topics or patterns and assigned partitions
2021-12-02 07:44:14.711  INFO 1601 --- [org.springframework.kafka.KafkaListenerEndpointContainer#1-0-C-1] o.a.k.c.c.internals.ConsumerCoordinator  : [Consumer clientId=consumer-food-order-consumer-group-2, groupId=food-order-consumer-group] Request joining group due to: consumer pro-actively leaving the group
2021-12-02 07:44:14.712  INFO 1601 --- [org.springframework.kafka.KafkaListenerEndpointContainer#1-0-C-1] o.a.k.clients.consumer.KafkaConsumer     : [Consumer clientId=consumer-food-order-consumer-group-2, groupId=food-order-consumer-group] Unsubscribed all topics or patterns and assigned partitions
2021-12-02 07:44:14.712  INFO 1601 --- [org.springframework.kafka.KafkaListenerEndpointContainer#1-0-C-1] o.a.k.c.c.internals.ConsumerCoordinator  : [Consumer clientId=consumer-food-order-consumer-group-2, groupId=food-order-consumer-group] Resetting generation due to: consumer pro-actively leaving the group
2021-12-02 07:44:14.712  INFO 1601 --- [org.springframework.kafka.KafkaListenerEndpointContainer#0-0-C-1] o.a.k.c.c.internals.ConsumerCoordinator  : [Consumer clientId=consumer-food-order-consumer-group-1, groupId=food-order-consumer-group] Resetting generation due to: consumer pro-actively leaving the group
2021-12-02 07:44:14.712  INFO 1601 --- [org.springframework.kafka.KafkaListenerEndpointContainer#1-0-C-1] o.a.k.c.c.internals.ConsumerCoordinator  : [Consumer clientId=consumer-food-order-consumer-group-2, groupId=food-order-consumer-group] Request joining group due to: consumer pro-actively leaving the group
2021-12-02 07:44:14.712  INFO 1601 --- [org.springframework.kafka.KafkaListenerEndpointContainer#0-0-C-1] o.a.k.c.c.internals.ConsumerCoordinator  : [Consumer clientId=consumer-food-order-consumer-group-1, groupId=food-order-consumer-group] Request joining group due to: consumer pro-actively leaving the group
2021-12-02 07:44:14.713  INFO 1601 --- [org.springframework.kafka.KafkaListenerEndpointContainer#0-0-C-1] org.apache.kafka.common.metrics.Metrics  : Metrics scheduler closed
2021-12-02 07:44:14.713  INFO 1601 --- [org.springframework.kafka.KafkaListenerEndpointContainer#1-0-C-1] org.apache.kafka.common.metrics.Metrics  : Metrics scheduler closed
2021-12-02 07:44:14.713  INFO 1601 --- [org.springframework.kafka.KafkaListenerEndpointContainer#1-0-C-1] org.apache.kafka.common.metrics.Metrics  : Closing reporter org.apache.kafka.common.metrics.JmxReporter
2021-12-02 07:44:14.713  INFO 1601 --- [org.springframework.kafka.KafkaListenerEndpointContainer#0-0-C-1] org.apache.kafka.common.metrics.Metrics  : Closing reporter org.apache.kafka.common.metrics.JmxReporter
2021-12-02 07:44:14.714  INFO 1601 --- [org.springframework.kafka.KafkaListenerEndpointContainer#1-0-C-1] org.apache.kafka.common.metrics.Metrics  : Metrics reporters closed
2021-12-02 07:44:14.714  INFO 1601 --- [org.springframework.kafka.KafkaListenerEndpointContainer#0-0-C-1] org.apache.kafka.common.metrics.Metrics  : Metrics reporters closed
2021-12-02 07:44:14.722  INFO 1601 --- [org.springframework.kafka.KafkaListenerEndpointContainer#1-0-C-1] o.a.kafka.common.utils.AppInfoParser     : App info kafka.consumer for consumer-food-order-consumer-group-2 unregistered
2021-12-02 07:44:14.723  INFO 1601 --- [org.springframework.kafka.KafkaListenerEndpointContainer#1-0-C-1] o.s.k.l.KafkaMessageListenerContainer    : food-order-consumer-group: Consumer stopped
2021-12-02 07:44:14.723  INFO 1601 --- [org.springframework.kafka.KafkaListenerEndpointContainer#0-0-C-1] o.a.kafka.common.utils.AppInfoParser     : App info kafka.consumer for consumer-food-order-consumer-group-1 unregistered
2021-12-02 07:44:14.723  INFO 1601 --- [org.springframework.kafka.KafkaListenerEndpointContainer#0-0-C-1] o.s.k.l.KafkaMessageListenerContainer    : food-order-consumer-group: Consumer stopped
2021-12-02 07:44:14.726  INFO 1601 --- [SpringApplicationShutdownHook] j.LocalContainerEntityManagerFactoryBean : Closing JPA EntityManagerFactory for persistence unit 'default'
2021-12-02 07:44:14.727  INFO 1601 --- [SpringApplicationShutdownHook] .SchemaDropperImpl$DelayedDropActionImpl : HHH000477: Starting delayed evictData of schema as part of SessionFactory shut-down'
2021-12-02 07:44:14.729  INFO 1601 --- [SpringApplicationShutdownHook] com.zaxxer.hikari.HikariDataSource       : HikariPool-1 - Shutdown initiated...
2021-12-02 07:44:14.731  INFO 1601 --- [SpringApplicationShutdownHook] com.zaxxer.hikari.HikariDataSource       : HikariPool-1 - Shutdown completed.
2021-12-02 07:45:58.958  INFO 1657 --- [main] c.e.f.FoodOrderConsumerApplicationTests  : Starting FoodOrderConsumerApplicationTests using Java 17.0.1 on Balajis-MacBook-Pro.local with PID 1657 (started by balajivaradharajan in /Users/balajivaradharajan/Documents/Development/Learning/Java/Spring/Kafka/handling-exception/food-order-consumer)
2021-12-02 07:45:58.959  INFO 1657 --- [main] c.e.f.FoodOrderConsumerApplicationTests  : The following profiles are active: local,clean
2021-12-02 07:45:59.497  INFO 1657 --- [main] .s.d.r.c.RepositoryConfigurationDelegate : Bootstrapping Spring Data JPA repositories in DEFAULT mode.
2021-12-02 07:45:59.511  INFO 1657 --- [main] .s.d.r.c.RepositoryConfigurationDelegate : Finished Spring Data repository scanning in 7 ms. Found 0 JPA repository interfaces.
2021-12-02 07:46:00.009  INFO 1657 --- [main] com.zaxxer.hikari.HikariDataSource       : HikariPool-1 - Starting...
2021-12-02 07:46:00.159  INFO 1657 --- [main] com.zaxxer.hikari.HikariDataSource       : HikariPool-1 - Start completed.
2021-12-02 07:46:00.212  INFO 1657 --- [main] o.hibernate.jpa.internal.util.LogHelper  : HHH000204: Processing PersistenceUnitInfo [name: default]
2021-12-02 07:46:00.254  INFO 1657 --- [main] org.hibernate.Version                    : HHH000412: Hibernate ORM core version 5.6.1.Final
2021-12-02 07:46:00.381  INFO 1657 --- [main] o.hibernate.annotations.common.Version   : HCANN000001: Hibernate Commons Annotations {5.1.2.Final}
2021-12-02 07:46:00.489  INFO 1657 --- [main] org.hibernate.dialect.Dialect            : HHH000400: Using dialect: org.hibernate.dialect.H2Dialect
2021-12-02 07:46:00.664  INFO 1657 --- [main] o.h.e.t.j.p.i.JtaPlatformInitiator       : HHH000490: Using JtaPlatform implementation: [org.hibernate.engine.transaction.jta.platform.internal.NoJtaPlatform]
2021-12-02 07:46:00.672  INFO 1657 --- [main] j.LocalContainerEntityManagerFactoryBean : Initialized JPA EntityManagerFactory for persistence unit 'default'
2021-12-02 07:46:01.029  WARN 1657 --- [main] JpaBaseConfiguration$JpaWebConfiguration : spring.jpa.open-in-view is enabled by default. Therefore, database queries may be performed during view rendering. Explicitly configure spring.jpa.open-in-view to disable this warning
2021-12-02 07:46:01.179  INFO 1657 --- [main] o.s.b.a.h2.H2ConsoleAutoConfiguration    : H2 console available at '/h2-console'. Database available at 'jdbc:h2:mem:foodinventorydb'
2021-12-02 07:46:01.498  INFO 1657 --- [main] o.a.k.clients.consumer.ConsumerConfig    : ConsumerConfig values: 
	allow.auto.create.topics = true
	auto.commit.interval.ms = 5000
	auto.offset.reset = earliest
	bootstrap.servers = [localhost:9092]
	check.crcs = true
	client.dns.lookup = use_all_dns_ips
	client.id = consumer-food-order-consumer-group-1
	client.rack = 
	connections.max.idle.ms = 540000
	default.api.timeout.ms = 60000
	enable.auto.commit = true
	exclude.internal.topics = true
	fetch.max.bytes = 52428800
	fetch.max.wait.ms = 500
	fetch.min.bytes = 1
	group.id = food-order-consumer-group
	group.instance.id = null
	heartbeat.interval.ms = 3000
	interceptor.classes = []
	internal.leave.group.on.close = true
	internal.throw.on.fetch.stable.offset.unsupported = false
	isolation.level = read_uncommitted
	key.deserializer = class org.apache.kafka.common.serialization.StringDeserializer
	max.partition.fetch.bytes = 1048576
	max.poll.interval.ms = 300000
	max.poll.records = 500
	metadata.max.age.ms = 12000
	metric.reporters = []
	metrics.num.samples = 2
	metrics.recording.level = INFO
	metrics.sample.window.ms = 30000
	partition.assignment.strategy = [class org.apache.kafka.clients.consumer.RangeAssignor, class org.apache.kafka.clients.consumer.CooperativeStickyAssignor]
	receive.buffer.bytes = 65536
	reconnect.backoff.max.ms = 1000
	reconnect.backoff.ms = 50
	request.timeout.ms = 30000
	retry.backoff.ms = 100
	sasl.client.callback.handler.class = null
	sasl.jaas.config = null
	sasl.kerberos.kinit.cmd = /usr/bin/kinit
	sasl.kerberos.min.time.before.relogin = 60000
	sasl.kerberos.service.name = null
	sasl.kerberos.ticket.renew.jitter = 0.05
	sasl.kerberos.ticket.renew.window.factor = 0.8
	sasl.login.callback.handler.class = null
	sasl.login.class = null
	sasl.login.refresh.buffer.seconds = 300
	sasl.login.refresh.min.period.seconds = 60
	sasl.login.refresh.window.factor = 0.8
	sasl.login.refresh.window.jitter = 0.05
	sasl.mechanism = GSSAPI
	security.protocol = PLAINTEXT
	security.providers = null
	send.buffer.bytes = 131072
	session.timeout.ms = 45000
	socket.connection.setup.timeout.max.ms = 30000
	socket.connection.setup.timeout.ms = 10000
	ssl.cipher.suites = null
	ssl.enabled.protocols = [TLSv1.2, TLSv1.3]
	ssl.endpoint.identification.algorithm = https
	ssl.engine.factory.class = null
	ssl.key.password = null
	ssl.keymanager.algorithm = SunX509
	ssl.keystore.certificate.chain = null
	ssl.keystore.key = null
	ssl.keystore.location = null
	ssl.keystore.password = null
	ssl.keystore.type = JKS
	ssl.protocol = TLSv1.3
	ssl.provider = null
	ssl.secure.random.implementation = null
	ssl.trustmanager.algorithm = PKIX
	ssl.truststore.certificates = null
	ssl.truststore.location = null
	ssl.truststore.password = null
	ssl.truststore.type = JKS
	value.deserializer = class org.apache.kafka.common.serialization.StringDeserializer

2021-12-02 07:46:01.608  INFO 1657 --- [main] o.a.kafka.common.utils.AppInfoParser     : Kafka version: 3.0.0
2021-12-02 07:46:01.609  INFO 1657 --- [main] o.a.kafka.common.utils.AppInfoParser     : Kafka commitId: 8cb0a5e9d3441962
2021-12-02 07:46:01.609  INFO 1657 --- [main] o.a.kafka.common.utils.AppInfoParser     : Kafka startTimeMs: 1638449161607
2021-12-02 07:46:01.611  INFO 1657 --- [main] o.a.k.clients.consumer.KafkaConsumer     : [Consumer clientId=consumer-food-order-consumer-group-1, groupId=food-order-consumer-group] Subscribed to topic(s): t.food.order
2021-12-02 07:46:01.621  INFO 1657 --- [main] o.a.k.clients.consumer.ConsumerConfig    : ConsumerConfig values: 
	allow.auto.create.topics = true
	auto.commit.interval.ms = 5000
	auto.offset.reset = earliest
	bootstrap.servers = [localhost:9092]
	check.crcs = true
	client.dns.lookup = use_all_dns_ips
	client.id = consumer-food-order-consumer-group-2
	client.rack = 
	connections.max.idle.ms = 540000
	default.api.timeout.ms = 60000
	enable.auto.commit = true
	exclude.internal.topics = true
	fetch.max.bytes = 52428800
	fetch.max.wait.ms = 500
	fetch.min.bytes = 1
	group.id = food-order-consumer-group
	group.instance.id = null
	heartbeat.interval.ms = 3000
	interceptor.classes = []
	internal.leave.group.on.close = true
	internal.throw.on.fetch.stable.offset.unsupported = false
	isolation.level = read_uncommitted
	key.deserializer = class org.apache.kafka.common.serialization.StringDeserializer
	max.partition.fetch.bytes = 1048576
	max.poll.interval.ms = 300000
	max.poll.records = 500
	metadata.max.age.ms = 12000
	metric.reporters = []
	metrics.num.samples = 2
	metrics.recording.level = INFO
	metrics.sample.window.ms = 30000
	partition.assignment.strategy = [class org.apache.kafka.clients.consumer.RangeAssignor, class org.apache.kafka.clients.consumer.CooperativeStickyAssignor]
	receive.buffer.bytes = 65536
	reconnect.backoff.max.ms = 1000
	reconnect.backoff.ms = 50
	request.timeout.ms = 30000
	retry.backoff.ms = 100
	sasl.client.callback.handler.class = null
	sasl.jaas.config = null
	sasl.kerberos.kinit.cmd = /usr/bin/kinit
	sasl.kerberos.min.time.before.relogin = 60000
	sasl.kerberos.service.name = null
	sasl.kerberos.ticket.renew.jitter = 0.05
	sasl.kerberos.ticket.renew.window.factor = 0.8
	sasl.login.callback.handler.class = null
	sasl.login.class = null
	sasl.login.refresh.buffer.seconds = 300
	sasl.login.refresh.min.period.seconds = 60
	sasl.login.refresh.window.factor = 0.8
	sasl.login.refresh.window.jitter = 0.05
	sasl.mechanism = GSSAPI
	security.protocol = PLAINTEXT
	security.providers = null
	send.buffer.bytes = 131072
	session.timeout.ms = 45000
	socket.connection.setup.timeout.max.ms = 30000
	socket.connection.setup.timeout.ms = 10000
	ssl.cipher.suites = null
	ssl.enabled.protocols = [TLSv1.2, TLSv1.3]
	ssl.endpoint.identification.algorithm = https
	ssl.engine.factory.class = null
	ssl.key.password = null
	ssl.keymanager.algorithm = SunX509
	ssl.keystore.certificate.chain = null
	ssl.keystore.key = null
	ssl.keystore.location = null
	ssl.keystore.password = null
	ssl.keystore.type = JKS
	ssl.protocol = TLSv1.3
	ssl.provider = null
	ssl.secure.random.implementation = null
	ssl.trustmanager.algorithm = PKIX
	ssl.truststore.certificates = null
	ssl.truststore.location = null
	ssl.truststore.password = null
	ssl.truststore.type = JKS
	value.deserializer = class org.apache.kafka.common.serialization.StringDeserializer

2021-12-02 07:46:01.628  INFO 1657 --- [main] o.a.kafka.common.utils.AppInfoParser     : Kafka version: 3.0.0
2021-12-02 07:46:01.629  INFO 1657 --- [main] o.a.kafka.common.utils.AppInfoParser     : Kafka commitId: 8cb0a5e9d3441962
2021-12-02 07:46:01.629  INFO 1657 --- [main] o.a.kafka.common.utils.AppInfoParser     : Kafka startTimeMs: 1638449161628
2021-12-02 07:46:01.630  INFO 1657 --- [main] o.a.k.clients.consumer.KafkaConsumer     : [Consumer clientId=consumer-food-order-consumer-group-2, groupId=food-order-consumer-group] Subscribed to topic(s): t.food.payment
2021-12-02 07:46:01.638  INFO 1657 --- [main] c.e.f.FoodOrderConsumerApplicationTests  : Started FoodOrderConsumerApplicationTests in 3.13 seconds (JVM running for 3.918)
2021-12-02 07:46:01.948  INFO 1657 --- [org.springframework.kafka.KafkaListenerEndpointContainer#0-0-C-1] org.apache.kafka.clients.Metadata        : [Consumer clientId=consumer-food-order-consumer-group-1, groupId=food-order-consumer-group] Cluster ID: 3_rJb2NxSPWqNeklBTT14w
2021-12-02 07:46:01.948  INFO 1657 --- [org.springframework.kafka.KafkaListenerEndpointContainer#1-0-C-1] org.apache.kafka.clients.Metadata        : [Consumer clientId=consumer-food-order-consumer-group-2, groupId=food-order-consumer-group] Cluster ID: 3_rJb2NxSPWqNeklBTT14w
2021-12-02 07:46:01.950  INFO 1657 --- [org.springframework.kafka.KafkaListenerEndpointContainer#0-0-C-1] o.a.k.c.c.internals.ConsumerCoordinator  : [Consumer clientId=consumer-food-order-consumer-group-1, groupId=food-order-consumer-group] Discovered group coordinator 127.0.0.1:9092 (id: 2147483646 rack: null)
2021-12-02 07:46:01.950  INFO 1657 --- [org.springframework.kafka.KafkaListenerEndpointContainer#1-0-C-1] o.a.k.c.c.internals.ConsumerCoordinator  : [Consumer clientId=consumer-food-order-consumer-group-2, groupId=food-order-consumer-group] Discovered group coordinator 127.0.0.1:9092 (id: 2147483646 rack: null)
2021-12-02 07:46:01.955  INFO 1657 --- [org.springframework.kafka.KafkaListenerEndpointContainer#1-0-C-1] o.a.k.c.c.internals.ConsumerCoordinator  : [Consumer clientId=consumer-food-order-consumer-group-2, groupId=food-order-consumer-group] (Re-)joining group
2021-12-02 07:46:01.957  INFO 1657 --- [org.springframework.kafka.KafkaListenerEndpointContainer#0-0-C-1] o.a.k.c.c.internals.ConsumerCoordinator  : [Consumer clientId=consumer-food-order-consumer-group-1, groupId=food-order-consumer-group] (Re-)joining group
2021-12-02 07:46:01.980  INFO 1657 --- [org.springframework.kafka.KafkaListenerEndpointContainer#0-0-C-1] o.a.k.c.c.internals.ConsumerCoordinator  : [Consumer clientId=consumer-food-order-consumer-group-1, groupId=food-order-consumer-group] Request joining group due to: need to re-join with the given member-id
2021-12-02 07:46:01.981  INFO 1657 --- [org.springframework.kafka.KafkaListenerEndpointContainer#0-0-C-1] o.a.k.c.c.internals.ConsumerCoordinator  : [Consumer clientId=consumer-food-order-consumer-group-1, groupId=food-order-consumer-group] (Re-)joining group
2021-12-02 07:46:01.981  INFO 1657 --- [org.springframework.kafka.KafkaListenerEndpointContainer#1-0-C-1] o.a.k.c.c.internals.ConsumerCoordinator  : [Consumer clientId=consumer-food-order-consumer-group-2, groupId=food-order-consumer-group] Request joining group due to: need to re-join with the given member-id
2021-12-02 07:46:01.982  INFO 1657 --- [org.springframework.kafka.KafkaListenerEndpointContainer#1-0-C-1] o.a.k.c.c.internals.ConsumerCoordinator  : [Consumer clientId=consumer-food-order-consumer-group-2, groupId=food-order-consumer-group] (Re-)joining group
2021-12-02 07:46:01.983  INFO 1657 --- [org.springframework.kafka.KafkaListenerEndpointContainer#1-0-C-1] o.a.k.c.c.internals.ConsumerCoordinator  : [Consumer clientId=consumer-food-order-consumer-group-2, groupId=food-order-consumer-group] Member consumer-food-order-consumer-group-2-20e10484-2a6f-4ae0-a147-ca07efb69995 sending LeaveGroup request to coordinator 127.0.0.1:9092 (id: 2147483646 rack: null) due to the consumer unsubscribed from all topics
2021-12-02 07:46:01.983  INFO 1657 --- [org.springframework.kafka.KafkaListenerEndpointContainer#0-0-C-1] o.a.k.c.c.internals.ConsumerCoordinator  : [Consumer clientId=consumer-food-order-consumer-group-1, groupId=food-order-consumer-group] Member consumer-food-order-consumer-group-1-bbc7e58a-e323-4908-8767-933bed0457be sending LeaveGroup request to coordinator 127.0.0.1:9092 (id: 2147483646 rack: null) due to the consumer unsubscribed from all topics
2021-12-02 07:46:01.985  INFO 1657 --- [org.springframework.kafka.KafkaListenerEndpointContainer#1-0-C-1] o.a.k.c.c.internals.ConsumerCoordinator  : [Consumer clientId=consumer-food-order-consumer-group-2, groupId=food-order-consumer-group] Resetting generation due to: consumer pro-actively leaving the group
2021-12-02 07:46:01.985  INFO 1657 --- [org.springframework.kafka.KafkaListenerEndpointContainer#0-0-C-1] o.a.k.c.c.internals.ConsumerCoordinator  : [Consumer clientId=consumer-food-order-consumer-group-1, groupId=food-order-consumer-group] Resetting generation due to: consumer pro-actively leaving the group
2021-12-02 07:46:01.985  INFO 1657 --- [org.springframework.kafka.KafkaListenerEndpointContainer#1-0-C-1] o.a.k.c.c.internals.ConsumerCoordinator  : [Consumer clientId=consumer-food-order-consumer-group-2, groupId=food-order-consumer-group] Request joining group due to: consumer pro-actively leaving the group
2021-12-02 07:46:01.985  INFO 1657 --- [org.springframework.kafka.KafkaListenerEndpointContainer#0-0-C-1] o.a.k.c.c.internals.ConsumerCoordinator  : [Consumer clientId=consumer-food-order-consumer-group-1, groupId=food-order-consumer-group] Request joining group due to: consumer pro-actively leaving the group
2021-12-02 07:46:01.985  INFO 1657 --- [org.springframework.kafka.KafkaListenerEndpointContainer#0-0-C-1] o.a.k.clients.consumer.KafkaConsumer     : [Consumer clientId=consumer-food-order-consumer-group-1, groupId=food-order-consumer-group] Unsubscribed all topics or patterns and assigned partitions
2021-12-02 07:46:01.985  INFO 1657 --- [org.springframework.kafka.KafkaListenerEndpointContainer#1-0-C-1] o.a.k.clients.consumer.KafkaConsumer     : [Consumer clientId=consumer-food-order-consumer-group-2, groupId=food-order-consumer-group] Unsubscribed all topics or patterns and assigned partitions
2021-12-02 07:46:01.986  INFO 1657 --- [org.springframework.kafka.KafkaListenerEndpointContainer#0-0-C-1] o.a.k.c.c.internals.ConsumerCoordinator  : [Consumer clientId=consumer-food-order-consumer-group-1, groupId=food-order-consumer-group] Resetting generation due to: consumer pro-actively leaving the group
2021-12-02 07:46:01.986  INFO 1657 --- [org.springframework.kafka.KafkaListenerEndpointContainer#1-0-C-1] o.a.k.c.c.internals.ConsumerCoordinator  : [Consumer clientId=consumer-food-order-consumer-group-2, groupId=food-order-consumer-group] Resetting generation due to: consumer pro-actively leaving the group
2021-12-02 07:46:01.987  INFO 1657 --- [org.springframework.kafka.KafkaListenerEndpointContainer#1-0-C-1] o.a.k.c.c.internals.ConsumerCoordinator  : [Consumer clientId=consumer-food-order-consumer-group-2, groupId=food-order-consumer-group] Request joining group due to: consumer pro-actively leaving the group
2021-12-02 07:46:01.987  INFO 1657 --- [org.springframework.kafka.KafkaListenerEndpointContainer#0-0-C-1] o.a.k.c.c.internals.ConsumerCoordinator  : [Consumer clientId=consumer-food-order-consumer-group-1, groupId=food-order-consumer-group] Request joining group due to: consumer pro-actively leaving the group
2021-12-02 07:46:01.995  INFO 1657 --- [org.springframework.kafka.KafkaListenerEndpointContainer#0-0-C-1] org.apache.kafka.common.metrics.Metrics  : Metrics scheduler closed
2021-12-02 07:46:01.995  INFO 1657 --- [org.springframework.kafka.KafkaListenerEndpointContainer#0-0-C-1] org.apache.kafka.common.metrics.Metrics  : Closing reporter org.apache.kafka.common.metrics.JmxReporter
2021-12-02 07:46:01.996  INFO 1657 --- [org.springframework.kafka.KafkaListenerEndpointContainer#0-0-C-1] org.apache.kafka.common.metrics.Metrics  : Metrics reporters closed
2021-12-02 07:46:01.999  INFO 1657 --- [org.springframework.kafka.KafkaListenerEndpointContainer#1-0-C-1] org.apache.kafka.common.metrics.Metrics  : Metrics scheduler closed
2021-12-02 07:46:01.999  INFO 1657 --- [org.springframework.kafka.KafkaListenerEndpointContainer#1-0-C-1] org.apache.kafka.common.metrics.Metrics  : Closing reporter org.apache.kafka.common.metrics.JmxReporter
2021-12-02 07:46:02.000  INFO 1657 --- [org.springframework.kafka.KafkaListenerEndpointContainer#1-0-C-1] org.apache.kafka.common.metrics.Metrics  : Metrics reporters closed
2021-12-02 07:46:02.005  INFO 1657 --- [org.springframework.kafka.KafkaListenerEndpointContainer#0-0-C-1] o.a.kafka.common.utils.AppInfoParser     : App info kafka.consumer for consumer-food-order-consumer-group-1 unregistered
2021-12-02 07:46:02.006  INFO 1657 --- [org.springframework.kafka.KafkaListenerEndpointContainer#0-0-C-1] o.s.k.l.KafkaMessageListenerContainer    : food-order-consumer-group: Consumer stopped
2021-12-02 07:46:02.006  INFO 1657 --- [org.springframework.kafka.KafkaListenerEndpointContainer#1-0-C-1] o.a.kafka.common.utils.AppInfoParser     : App info kafka.consumer for consumer-food-order-consumer-group-2 unregistered
2021-12-02 07:46:02.006  INFO 1657 --- [org.springframework.kafka.KafkaListenerEndpointContainer#1-0-C-1] o.s.k.l.KafkaMessageListenerContainer    : food-order-consumer-group: Consumer stopped
2021-12-02 07:46:02.009  INFO 1657 --- [SpringApplicationShutdownHook] j.LocalContainerEntityManagerFactoryBean : Closing JPA EntityManagerFactory for persistence unit 'default'
2021-12-02 07:46:02.010  INFO 1657 --- [SpringApplicationShutdownHook] .SchemaDropperImpl$DelayedDropActionImpl : HHH000477: Starting delayed evictData of schema as part of SessionFactory shut-down'
2021-12-02 07:46:02.012  INFO 1657 --- [SpringApplicationShutdownHook] com.zaxxer.hikari.HikariDataSource       : HikariPool-1 - Shutdown initiated...
2021-12-02 07:46:02.015  INFO 1657 --- [SpringApplicationShutdownHook] com.zaxxer.hikari.HikariDataSource       : HikariPool-1 - Shutdown completed.
2021-12-02 07:55:54.104  INFO 1812 --- [main] c.e.f.FoodOrderConsumerApplicationTests  : Starting FoodOrderConsumerApplicationTests using Java 17.0.1 on Balajis-MacBook-Pro.local with PID 1812 (started by balajivaradharajan in /Users/balajivaradharajan/Documents/Development/Learning/Java/Spring/Kafka/handling-exception/food-order-consumer)
2021-12-02 07:55:54.106  INFO 1812 --- [main] c.e.f.FoodOrderConsumerApplicationTests  : The following profiles are active: local,clean
2021-12-02 07:55:54.663  INFO 1812 --- [main] .s.d.r.c.RepositoryConfigurationDelegate : Bootstrapping Spring Data JPA repositories in DEFAULT mode.
2021-12-02 07:55:54.677  INFO 1812 --- [main] .s.d.r.c.RepositoryConfigurationDelegate : Finished Spring Data repository scanning in 7 ms. Found 0 JPA repository interfaces.
2021-12-02 07:55:55.155  INFO 1812 --- [main] com.zaxxer.hikari.HikariDataSource       : HikariPool-1 - Starting...
2021-12-02 07:55:55.313  INFO 1812 --- [main] com.zaxxer.hikari.HikariDataSource       : HikariPool-1 - Start completed.
2021-12-02 07:55:55.369  INFO 1812 --- [main] o.hibernate.jpa.internal.util.LogHelper  : HHH000204: Processing PersistenceUnitInfo [name: default]
2021-12-02 07:55:55.405  INFO 1812 --- [main] org.hibernate.Version                    : HHH000412: Hibernate ORM core version 5.6.1.Final
2021-12-02 07:55:55.520  INFO 1812 --- [main] o.hibernate.annotations.common.Version   : HCANN000001: Hibernate Commons Annotations {5.1.2.Final}
2021-12-02 07:55:55.627  INFO 1812 --- [main] org.hibernate.dialect.Dialect            : HHH000400: Using dialect: org.hibernate.dialect.H2Dialect
2021-12-02 07:55:55.793  INFO 1812 --- [main] o.h.e.t.j.p.i.JtaPlatformInitiator       : HHH000490: Using JtaPlatform implementation: [org.hibernate.engine.transaction.jta.platform.internal.NoJtaPlatform]
2021-12-02 07:55:55.800  INFO 1812 --- [main] j.LocalContainerEntityManagerFactoryBean : Initialized JPA EntityManagerFactory for persistence unit 'default'
2021-12-02 07:55:56.157  WARN 1812 --- [main] JpaBaseConfiguration$JpaWebConfiguration : spring.jpa.open-in-view is enabled by default. Therefore, database queries may be performed during view rendering. Explicitly configure spring.jpa.open-in-view to disable this warning
2021-12-02 07:55:56.321  INFO 1812 --- [main] o.s.b.a.h2.H2ConsoleAutoConfiguration    : H2 console available at '/h2-console'. Database available at 'jdbc:h2:mem:foodinventorydb'
2021-12-02 07:55:56.656  INFO 1812 --- [main] o.a.k.clients.consumer.ConsumerConfig    : ConsumerConfig values: 
	allow.auto.create.topics = true
	auto.commit.interval.ms = 5000
	auto.offset.reset = earliest
	bootstrap.servers = [localhost:9092]
	check.crcs = true
	client.dns.lookup = use_all_dns_ips
	client.id = consumer-food-order-consumer-group-1
	client.rack = 
	connections.max.idle.ms = 540000
	default.api.timeout.ms = 60000
	enable.auto.commit = true
	exclude.internal.topics = true
	fetch.max.bytes = 52428800
	fetch.max.wait.ms = 500
	fetch.min.bytes = 1
	group.id = food-order-consumer-group
	group.instance.id = null
	heartbeat.interval.ms = 3000
	interceptor.classes = []
	internal.leave.group.on.close = true
	internal.throw.on.fetch.stable.offset.unsupported = false
	isolation.level = read_uncommitted
	key.deserializer = class org.apache.kafka.common.serialization.StringDeserializer
	max.partition.fetch.bytes = 1048576
	max.poll.interval.ms = 300000
	max.poll.records = 500
	metadata.max.age.ms = 12000
	metric.reporters = []
	metrics.num.samples = 2
	metrics.recording.level = INFO
	metrics.sample.window.ms = 30000
	partition.assignment.strategy = [class org.apache.kafka.clients.consumer.RangeAssignor, class org.apache.kafka.clients.consumer.CooperativeStickyAssignor]
	receive.buffer.bytes = 65536
	reconnect.backoff.max.ms = 1000
	reconnect.backoff.ms = 50
	request.timeout.ms = 30000
	retry.backoff.ms = 100
	sasl.client.callback.handler.class = null
	sasl.jaas.config = null
	sasl.kerberos.kinit.cmd = /usr/bin/kinit
	sasl.kerberos.min.time.before.relogin = 60000
	sasl.kerberos.service.name = null
	sasl.kerberos.ticket.renew.jitter = 0.05
	sasl.kerberos.ticket.renew.window.factor = 0.8
	sasl.login.callback.handler.class = null
	sasl.login.class = null
	sasl.login.refresh.buffer.seconds = 300
	sasl.login.refresh.min.period.seconds = 60
	sasl.login.refresh.window.factor = 0.8
	sasl.login.refresh.window.jitter = 0.05
	sasl.mechanism = GSSAPI
	security.protocol = PLAINTEXT
	security.providers = null
	send.buffer.bytes = 131072
	session.timeout.ms = 45000
	socket.connection.setup.timeout.max.ms = 30000
	socket.connection.setup.timeout.ms = 10000
	ssl.cipher.suites = null
	ssl.enabled.protocols = [TLSv1.2, TLSv1.3]
	ssl.endpoint.identification.algorithm = https
	ssl.engine.factory.class = null
	ssl.key.password = null
	ssl.keymanager.algorithm = SunX509
	ssl.keystore.certificate.chain = null
	ssl.keystore.key = null
	ssl.keystore.location = null
	ssl.keystore.password = null
	ssl.keystore.type = JKS
	ssl.protocol = TLSv1.3
	ssl.provider = null
	ssl.secure.random.implementation = null
	ssl.trustmanager.algorithm = PKIX
	ssl.truststore.certificates = null
	ssl.truststore.location = null
	ssl.truststore.password = null
	ssl.truststore.type = JKS
	value.deserializer = class org.apache.kafka.common.serialization.StringDeserializer

2021-12-02 07:55:56.760  INFO 1812 --- [main] o.a.kafka.common.utils.AppInfoParser     : Kafka version: 3.0.0
2021-12-02 07:55:56.761  INFO 1812 --- [main] o.a.kafka.common.utils.AppInfoParser     : Kafka commitId: 8cb0a5e9d3441962
2021-12-02 07:55:56.761  INFO 1812 --- [main] o.a.kafka.common.utils.AppInfoParser     : Kafka startTimeMs: 1638449756759
2021-12-02 07:55:56.763  INFO 1812 --- [main] o.a.k.clients.consumer.KafkaConsumer     : [Consumer clientId=consumer-food-order-consumer-group-1, groupId=food-order-consumer-group] Subscribed to topic(s): t.food.order
2021-12-02 07:55:56.774  INFO 1812 --- [main] o.a.k.clients.consumer.ConsumerConfig    : ConsumerConfig values: 
	allow.auto.create.topics = true
	auto.commit.interval.ms = 5000
	auto.offset.reset = earliest
	bootstrap.servers = [localhost:9092]
	check.crcs = true
	client.dns.lookup = use_all_dns_ips
	client.id = consumer-food-order-consumer-group-2
	client.rack = 
	connections.max.idle.ms = 540000
	default.api.timeout.ms = 60000
	enable.auto.commit = true
	exclude.internal.topics = true
	fetch.max.bytes = 52428800
	fetch.max.wait.ms = 500
	fetch.min.bytes = 1
	group.id = food-order-consumer-group
	group.instance.id = null
	heartbeat.interval.ms = 3000
	interceptor.classes = []
	internal.leave.group.on.close = true
	internal.throw.on.fetch.stable.offset.unsupported = false
	isolation.level = read_uncommitted
	key.deserializer = class org.apache.kafka.common.serialization.StringDeserializer
	max.partition.fetch.bytes = 1048576
	max.poll.interval.ms = 300000
	max.poll.records = 500
	metadata.max.age.ms = 12000
	metric.reporters = []
	metrics.num.samples = 2
	metrics.recording.level = INFO
	metrics.sample.window.ms = 30000
	partition.assignment.strategy = [class org.apache.kafka.clients.consumer.RangeAssignor, class org.apache.kafka.clients.consumer.CooperativeStickyAssignor]
	receive.buffer.bytes = 65536
	reconnect.backoff.max.ms = 1000
	reconnect.backoff.ms = 50
	request.timeout.ms = 30000
	retry.backoff.ms = 100
	sasl.client.callback.handler.class = null
	sasl.jaas.config = null
	sasl.kerberos.kinit.cmd = /usr/bin/kinit
	sasl.kerberos.min.time.before.relogin = 60000
	sasl.kerberos.service.name = null
	sasl.kerberos.ticket.renew.jitter = 0.05
	sasl.kerberos.ticket.renew.window.factor = 0.8
	sasl.login.callback.handler.class = null
	sasl.login.class = null
	sasl.login.refresh.buffer.seconds = 300
	sasl.login.refresh.min.period.seconds = 60
	sasl.login.refresh.window.factor = 0.8
	sasl.login.refresh.window.jitter = 0.05
	sasl.mechanism = GSSAPI
	security.protocol = PLAINTEXT
	security.providers = null
	send.buffer.bytes = 131072
	session.timeout.ms = 45000
	socket.connection.setup.timeout.max.ms = 30000
	socket.connection.setup.timeout.ms = 10000
	ssl.cipher.suites = null
	ssl.enabled.protocols = [TLSv1.2, TLSv1.3]
	ssl.endpoint.identification.algorithm = https
	ssl.engine.factory.class = null
	ssl.key.password = null
	ssl.keymanager.algorithm = SunX509
	ssl.keystore.certificate.chain = null
	ssl.keystore.key = null
	ssl.keystore.location = null
	ssl.keystore.password = null
	ssl.keystore.type = JKS
	ssl.protocol = TLSv1.3
	ssl.provider = null
	ssl.secure.random.implementation = null
	ssl.trustmanager.algorithm = PKIX
	ssl.truststore.certificates = null
	ssl.truststore.location = null
	ssl.truststore.password = null
	ssl.truststore.type = JKS
	value.deserializer = class org.apache.kafka.common.serialization.StringDeserializer

2021-12-02 07:55:56.781  INFO 1812 --- [main] o.a.kafka.common.utils.AppInfoParser     : Kafka version: 3.0.0
2021-12-02 07:55:56.782  INFO 1812 --- [main] o.a.kafka.common.utils.AppInfoParser     : Kafka commitId: 8cb0a5e9d3441962
2021-12-02 07:55:56.782  INFO 1812 --- [main] o.a.kafka.common.utils.AppInfoParser     : Kafka startTimeMs: 1638449756781
2021-12-02 07:55:56.782  INFO 1812 --- [main] o.a.k.clients.consumer.KafkaConsumer     : [Consumer clientId=consumer-food-order-consumer-group-2, groupId=food-order-consumer-group] Subscribed to topic(s): t.food.payment
2021-12-02 07:55:56.790  INFO 1812 --- [main] c.e.f.FoodOrderConsumerApplicationTests  : Started FoodOrderConsumerApplicationTests in 3.128 seconds (JVM running for 3.977)
2021-12-02 07:55:57.072  INFO 1812 --- [org.springframework.kafka.KafkaListenerEndpointContainer#0-0-C-1] org.apache.kafka.clients.Metadata        : [Consumer clientId=consumer-food-order-consumer-group-1, groupId=food-order-consumer-group] Cluster ID: 3_rJb2NxSPWqNeklBTT14w
2021-12-02 07:55:57.072  INFO 1812 --- [org.springframework.kafka.KafkaListenerEndpointContainer#1-0-C-1] org.apache.kafka.clients.Metadata        : [Consumer clientId=consumer-food-order-consumer-group-2, groupId=food-order-consumer-group] Cluster ID: 3_rJb2NxSPWqNeklBTT14w
2021-12-02 07:55:57.073  INFO 1812 --- [org.springframework.kafka.KafkaListenerEndpointContainer#0-0-C-1] o.a.k.c.c.internals.ConsumerCoordinator  : [Consumer clientId=consumer-food-order-consumer-group-1, groupId=food-order-consumer-group] Discovered group coordinator 127.0.0.1:9092 (id: 2147483646 rack: null)
2021-12-02 07:55:57.073  INFO 1812 --- [org.springframework.kafka.KafkaListenerEndpointContainer#1-0-C-1] o.a.k.c.c.internals.ConsumerCoordinator  : [Consumer clientId=consumer-food-order-consumer-group-2, groupId=food-order-consumer-group] Discovered group coordinator 127.0.0.1:9092 (id: 2147483646 rack: null)
2021-12-02 07:55:57.076  INFO 1812 --- [org.springframework.kafka.KafkaListenerEndpointContainer#0-0-C-1] o.a.k.c.c.internals.ConsumerCoordinator  : [Consumer clientId=consumer-food-order-consumer-group-1, groupId=food-order-consumer-group] (Re-)joining group
2021-12-02 07:55:57.076  INFO 1812 --- [org.springframework.kafka.KafkaListenerEndpointContainer#1-0-C-1] o.a.k.c.c.internals.ConsumerCoordinator  : [Consumer clientId=consumer-food-order-consumer-group-2, groupId=food-order-consumer-group] (Re-)joining group
2021-12-02 07:55:57.096  INFO 1812 --- [org.springframework.kafka.KafkaListenerEndpointContainer#0-0-C-1] o.a.k.c.c.internals.ConsumerCoordinator  : [Consumer clientId=consumer-food-order-consumer-group-1, groupId=food-order-consumer-group] Resetting generation due to: consumer pro-actively leaving the group
2021-12-02 07:55:57.096  INFO 1812 --- [org.springframework.kafka.KafkaListenerEndpointContainer#1-0-C-1] o.a.k.c.c.internals.ConsumerCoordinator  : [Consumer clientId=consumer-food-order-consumer-group-2, groupId=food-order-consumer-group] Resetting generation due to: consumer pro-actively leaving the group
2021-12-02 07:55:57.097  INFO 1812 --- [org.springframework.kafka.KafkaListenerEndpointContainer#0-0-C-1] o.a.k.c.c.internals.ConsumerCoordinator  : [Consumer clientId=consumer-food-order-consumer-group-1, groupId=food-order-consumer-group] Request joining group due to: consumer pro-actively leaving the group
2021-12-02 07:55:57.097  INFO 1812 --- [org.springframework.kafka.KafkaListenerEndpointContainer#1-0-C-1] o.a.k.c.c.internals.ConsumerCoordinator  : [Consumer clientId=consumer-food-order-consumer-group-2, groupId=food-order-consumer-group] Request joining group due to: consumer pro-actively leaving the group
2021-12-02 07:55:57.097  INFO 1812 --- [org.springframework.kafka.KafkaListenerEndpointContainer#1-0-C-1] o.a.k.clients.consumer.KafkaConsumer     : [Consumer clientId=consumer-food-order-consumer-group-2, groupId=food-order-consumer-group] Unsubscribed all topics or patterns and assigned partitions
2021-12-02 07:55:57.097  INFO 1812 --- [org.springframework.kafka.KafkaListenerEndpointContainer#0-0-C-1] o.a.k.clients.consumer.KafkaConsumer     : [Consumer clientId=consumer-food-order-consumer-group-1, groupId=food-order-consumer-group] Unsubscribed all topics or patterns and assigned partitions
2021-12-02 07:55:57.097  INFO 1812 --- [org.springframework.kafka.KafkaListenerEndpointContainer#0-0-C-1] o.a.k.c.c.internals.ConsumerCoordinator  : [Consumer clientId=consumer-food-order-consumer-group-1, groupId=food-order-consumer-group] Resetting generation due to: consumer pro-actively leaving the group
2021-12-02 07:55:57.097  INFO 1812 --- [org.springframework.kafka.KafkaListenerEndpointContainer#1-0-C-1] o.a.k.c.c.internals.ConsumerCoordinator  : [Consumer clientId=consumer-food-order-consumer-group-2, groupId=food-order-consumer-group] Resetting generation due to: consumer pro-actively leaving the group
2021-12-02 07:55:57.098  INFO 1812 --- [org.springframework.kafka.KafkaListenerEndpointContainer#0-0-C-1] o.a.k.c.c.internals.ConsumerCoordinator  : [Consumer clientId=consumer-food-order-consumer-group-1, groupId=food-order-consumer-group] Request joining group due to: consumer pro-actively leaving the group
2021-12-02 07:55:57.098  INFO 1812 --- [org.springframework.kafka.KafkaListenerEndpointContainer#1-0-C-1] o.a.k.c.c.internals.ConsumerCoordinator  : [Consumer clientId=consumer-food-order-consumer-group-2, groupId=food-order-consumer-group] Request joining group due to: consumer pro-actively leaving the group
2021-12-02 07:55:57.099  INFO 1812 --- [org.springframework.kafka.KafkaListenerEndpointContainer#0-0-C-1] o.a.k.c.c.internals.ConsumerCoordinator  : [Consumer clientId=consumer-food-order-consumer-group-1, groupId=food-order-consumer-group] Request joining group due to: need to re-join with the given member-id
2021-12-02 07:55:57.099  INFO 1812 --- [org.springframework.kafka.KafkaListenerEndpointContainer#1-0-C-1] o.a.k.c.c.internals.ConsumerCoordinator  : [Consumer clientId=consumer-food-order-consumer-group-2, groupId=food-order-consumer-group] Request joining group due to: need to re-join with the given member-id
2021-12-02 07:55:57.100  INFO 1812 --- [org.springframework.kafka.KafkaListenerEndpointContainer#1-0-C-1] org.apache.kafka.common.metrics.Metrics  : Metrics scheduler closed
2021-12-02 07:55:57.100  INFO 1812 --- [org.springframework.kafka.KafkaListenerEndpointContainer#0-0-C-1] org.apache.kafka.common.metrics.Metrics  : Metrics scheduler closed
2021-12-02 07:55:57.100  INFO 1812 --- [org.springframework.kafka.KafkaListenerEndpointContainer#1-0-C-1] org.apache.kafka.common.metrics.Metrics  : Closing reporter org.apache.kafka.common.metrics.JmxReporter
2021-12-02 07:55:57.100  INFO 1812 --- [org.springframework.kafka.KafkaListenerEndpointContainer#0-0-C-1] org.apache.kafka.common.metrics.Metrics  : Closing reporter org.apache.kafka.common.metrics.JmxReporter
2021-12-02 07:55:57.101  INFO 1812 --- [org.springframework.kafka.KafkaListenerEndpointContainer#1-0-C-1] org.apache.kafka.common.metrics.Metrics  : Metrics reporters closed
2021-12-02 07:55:57.101  INFO 1812 --- [org.springframework.kafka.KafkaListenerEndpointContainer#0-0-C-1] org.apache.kafka.common.metrics.Metrics  : Metrics reporters closed
2021-12-02 07:55:57.110  INFO 1812 --- [org.springframework.kafka.KafkaListenerEndpointContainer#0-0-C-1] o.a.kafka.common.utils.AppInfoParser     : App info kafka.consumer for consumer-food-order-consumer-group-1 unregistered
2021-12-02 07:55:57.111  INFO 1812 --- [org.springframework.kafka.KafkaListenerEndpointContainer#0-0-C-1] o.s.k.l.KafkaMessageListenerContainer    : food-order-consumer-group: Consumer stopped
2021-12-02 07:55:57.111  INFO 1812 --- [org.springframework.kafka.KafkaListenerEndpointContainer#1-0-C-1] o.a.kafka.common.utils.AppInfoParser     : App info kafka.consumer for consumer-food-order-consumer-group-2 unregistered
2021-12-02 07:55:57.111  INFO 1812 --- [org.springframework.kafka.KafkaListenerEndpointContainer#1-0-C-1] o.s.k.l.KafkaMessageListenerContainer    : food-order-consumer-group: Consumer stopped
2021-12-02 07:55:57.114  INFO 1812 --- [SpringApplicationShutdownHook] j.LocalContainerEntityManagerFactoryBean : Closing JPA EntityManagerFactory for persistence unit 'default'
2021-12-02 07:55:57.114  INFO 1812 --- [SpringApplicationShutdownHook] .SchemaDropperImpl$DelayedDropActionImpl : HHH000477: Starting delayed evictData of schema as part of SessionFactory shut-down'
2021-12-02 07:55:57.116  INFO 1812 --- [SpringApplicationShutdownHook] com.zaxxer.hikari.HikariDataSource       : HikariPool-1 - Shutdown initiated...
2021-12-02 07:55:57.119  INFO 1812 --- [SpringApplicationShutdownHook] com.zaxxer.hikari.HikariDataSource       : HikariPool-1 - Shutdown completed.
