2021-12-02 06:04:36.445  INFO 1165 --- [restartedMain] c.e.f.FoodOrderProducerApplication       : Starting FoodOrderProducerApplication using Java 17.0.1 on Balajis-MacBook-Pro.local with PID 1165 (/Users/balajivaradharajan/Documents/Development/Learning/Java/Spring/Kafka/handling-exception/food-order-producer/target/classes started by balajivaradharajan in /Users/balajivaradharajan/Documents/Development/Learning/Java/Spring/Kafka/handling-exception)
2021-12-02 06:04:36.447  INFO 1165 --- [restartedMain] c.e.f.FoodOrderProducerApplication       : No active profile set, falling back to default profiles: default
2021-12-02 06:04:36.509  INFO 1165 --- [restartedMain] .e.DevToolsPropertyDefaultsPostProcessor : Devtools property defaults active! Set 'spring.devtools.add-properties' to 'false' to disable
2021-12-02 06:04:36.510  INFO 1165 --- [restartedMain] .e.DevToolsPropertyDefaultsPostProcessor : For additional web related logging consider setting the 'logging.level.web' property to 'DEBUG'
2021-12-02 06:04:37.633  INFO 1165 --- [restartedMain] .s.d.r.c.RepositoryConfigurationDelegate : Bootstrapping Spring Data JPA repositories in DEFAULT mode.
2021-12-02 06:04:37.651  INFO 1165 --- [restartedMain] .s.d.r.c.RepositoryConfigurationDelegate : Finished Spring Data repository scanning in 7 ms. Found 0 JPA repository interfaces.
2021-12-02 06:04:38.151  INFO 1165 --- [restartedMain] o.s.b.w.embedded.tomcat.TomcatWebServer  : Tomcat initialized with port(s): 8082 (http)
2021-12-02 06:04:38.159  INFO 1165 --- [restartedMain] o.apache.catalina.core.StandardService   : Starting service [Tomcat]
2021-12-02 06:04:38.159  INFO 1165 --- [restartedMain] org.apache.catalina.core.StandardEngine  : Starting Servlet engine: [Apache Tomcat/9.0.55]
2021-12-02 06:04:38.229  INFO 1165 --- [restartedMain] o.a.c.c.C.[Tomcat].[localhost].[/]       : Initializing Spring embedded WebApplicationContext
2021-12-02 06:04:38.229  INFO 1165 --- [restartedMain] w.s.c.ServletWebServerApplicationContext : Root WebApplicationContext: initialization completed in 1718 ms
2021-12-02 06:04:38.254  INFO 1165 --- [restartedMain] com.zaxxer.hikari.HikariDataSource       : HikariPool-1 - Starting...
2021-12-02 06:04:38.335  INFO 1165 --- [restartedMain] com.zaxxer.hikari.HikariDataSource       : HikariPool-1 - Start completed.
2021-12-02 06:04:38.343  INFO 1165 --- [restartedMain] o.s.b.a.h2.H2ConsoleAutoConfiguration    : H2 console available at '/h2-console'. Database available at 'jdbc:h2:mem:f0749da5-9c86-45da-9822-9edbec568167'
2021-12-02 06:04:38.464  INFO 1165 --- [restartedMain] o.hibernate.jpa.internal.util.LogHelper  : HHH000204: Processing PersistenceUnitInfo [name: default]
2021-12-02 06:04:38.491  INFO 1165 --- [restartedMain] org.hibernate.Version                    : HHH000412: Hibernate ORM core version 5.6.1.Final
2021-12-02 06:04:38.572  INFO 1165 --- [restartedMain] o.hibernate.annotations.common.Version   : HCANN000001: Hibernate Commons Annotations {5.1.2.Final}
2021-12-02 06:04:38.634  INFO 1165 --- [restartedMain] org.hibernate.dialect.Dialect            : HHH000400: Using dialect: org.hibernate.dialect.H2Dialect
2021-12-02 06:04:38.752  INFO 1165 --- [restartedMain] o.h.e.t.j.p.i.JtaPlatformInitiator       : HHH000490: Using JtaPlatform implementation: [org.hibernate.engine.transaction.jta.platform.internal.NoJtaPlatform]
2021-12-02 06:04:38.760  INFO 1165 --- [restartedMain] j.LocalContainerEntityManagerFactoryBean : Initialized JPA EntityManagerFactory for persistence unit 'default'
2021-12-02 06:04:38.865  WARN 1165 --- [restartedMain] JpaBaseConfiguration$JpaWebConfiguration : spring.jpa.open-in-view is enabled by default. Therefore, database queries may be performed during view rendering. Explicitly configure spring.jpa.open-in-view to disable this warning
2021-12-02 06:04:39.095  INFO 1165 --- [restartedMain] o.s.b.d.a.OptionalLiveReloadServer       : LiveReload server is running on port 35729
2021-12-02 06:04:39.124  INFO 1165 --- [restartedMain] o.s.b.w.embedded.tomcat.TomcatWebServer  : Tomcat started on port(s): 8082 (http) with context path ''
2021-12-02 06:04:39.135  INFO 1165 --- [restartedMain] c.e.f.FoodOrderProducerApplication       : Started FoodOrderProducerApplication in 3.37 seconds (JVM running for 4.242)
2021-12-02 06:06:23.360  INFO 1165 --- [http-nio-8082-exec-1] o.a.c.c.C.[Tomcat].[localhost].[/]       : Initializing Spring DispatcherServlet 'dispatcherServlet'
2021-12-02 06:06:23.360  INFO 1165 --- [http-nio-8082-exec-1] o.s.web.servlet.DispatcherServlet        : Initializing Servlet 'dispatcherServlet'
2021-12-02 06:06:23.361  INFO 1165 --- [http-nio-8082-exec-1] o.s.web.servlet.DispatcherServlet        : Completed initialization in 1 ms
2021-12-02 06:06:23.573  INFO 1165 --- [http-nio-8082-exec-1] o.a.k.clients.producer.ProducerConfig    : ProducerConfig values: 
	acks = -1
	batch.size = 16384
	bootstrap.servers = [localhost:9092]
	buffer.memory = 33554432
	client.dns.lookup = use_all_dns_ips
	client.id = producer-1
	compression.type = none
	connections.max.idle.ms = 540000
	delivery.timeout.ms = 120000
	enable.idempotence = true
	interceptor.classes = []
	key.serializer = class org.apache.kafka.common.serialization.StringSerializer
	linger.ms = 0
	max.block.ms = 60000
	max.in.flight.requests.per.connection = 5
	max.request.size = 1048576
	metadata.max.age.ms = 300000
	metadata.max.idle.ms = 300000
	metric.reporters = []
	metrics.num.samples = 2
	metrics.recording.level = INFO
	metrics.sample.window.ms = 30000
	partitioner.class = class org.apache.kafka.clients.producer.internals.DefaultPartitioner
	receive.buffer.bytes = 32768
	reconnect.backoff.max.ms = 1000
	reconnect.backoff.ms = 50
	request.timeout.ms = 30000
	retries = 2147483647
	retry.backoff.ms = 100
	sasl.client.callback.handler.class = null
	sasl.jaas.config = null
	sasl.kerberos.kinit.cmd = /usr/bin/kinit
	sasl.kerberos.min.time.before.relogin = 60000
	sasl.kerberos.service.name = null
	sasl.kerberos.ticket.renew.jitter = 0.05
	sasl.kerberos.ticket.renew.window.factor = 0.8
	sasl.login.callback.handler.class = null
	sasl.login.class = null
	sasl.login.refresh.buffer.seconds = 300
	sasl.login.refresh.min.period.seconds = 60
	sasl.login.refresh.window.factor = 0.8
	sasl.login.refresh.window.jitter = 0.05
	sasl.mechanism = GSSAPI
	security.protocol = PLAINTEXT
	security.providers = null
	send.buffer.bytes = 131072
	socket.connection.setup.timeout.max.ms = 30000
	socket.connection.setup.timeout.ms = 10000
	ssl.cipher.suites = null
	ssl.enabled.protocols = [TLSv1.2, TLSv1.3]
	ssl.endpoint.identification.algorithm = https
	ssl.engine.factory.class = null
	ssl.key.password = null
	ssl.keymanager.algorithm = SunX509
	ssl.keystore.certificate.chain = null
	ssl.keystore.key = null
	ssl.keystore.location = null
	ssl.keystore.password = null
	ssl.keystore.type = JKS
	ssl.protocol = TLSv1.3
	ssl.provider = null
	ssl.secure.random.implementation = null
	ssl.trustmanager.algorithm = PKIX
	ssl.truststore.certificates = null
	ssl.truststore.location = null
	ssl.truststore.password = null
	ssl.truststore.type = JKS
	transaction.timeout.ms = 60000
	transactional.id = null
	value.serializer = class org.apache.kafka.common.serialization.StringSerializer

2021-12-02 06:06:23.628  INFO 1165 --- [http-nio-8082-exec-1] o.a.kafka.common.utils.AppInfoParser     : Kafka version: 3.0.0
2021-12-02 06:06:23.628  INFO 1165 --- [http-nio-8082-exec-1] o.a.kafka.common.utils.AppInfoParser     : Kafka commitId: 8cb0a5e9d3441962
2021-12-02 06:06:23.628  INFO 1165 --- [http-nio-8082-exec-1] o.a.kafka.common.utils.AppInfoParser     : Kafka startTimeMs: 1638443183626
2021-12-02 06:06:23.863  INFO 1165 --- [kafka-producer-network-thread | producer-1] org.apache.kafka.clients.Metadata        : [Producer clientId=producer-1] Cluster ID: 3_rJb2NxSPWqNeklBTT14w
2021-12-02 06:18:54.540  INFO 1165 --- [SpringApplicationShutdownHook] o.a.k.clients.producer.KafkaProducer     : [Producer clientId=producer-1] Closing the Kafka producer with timeoutMillis = 30000 ms.
2021-12-02 06:18:54.546  INFO 1165 --- [SpringApplicationShutdownHook] org.apache.kafka.common.metrics.Metrics  : Metrics scheduler closed
2021-12-02 06:18:54.546  INFO 1165 --- [SpringApplicationShutdownHook] org.apache.kafka.common.metrics.Metrics  : Closing reporter org.apache.kafka.common.metrics.JmxReporter
2021-12-02 06:18:54.547  INFO 1165 --- [SpringApplicationShutdownHook] org.apache.kafka.common.metrics.Metrics  : Metrics reporters closed
2021-12-02 06:18:54.548  INFO 1165 --- [SpringApplicationShutdownHook] o.a.kafka.common.utils.AppInfoParser     : App info kafka.producer for producer-1 unregistered
2021-12-02 06:18:54.550  INFO 1165 --- [SpringApplicationShutdownHook] j.LocalContainerEntityManagerFactoryBean : Closing JPA EntityManagerFactory for persistence unit 'default'
2021-12-02 06:18:54.550  INFO 1165 --- [SpringApplicationShutdownHook] .SchemaDropperImpl$DelayedDropActionImpl : HHH000477: Starting delayed evictData of schema as part of SessionFactory shut-down'
2021-12-02 06:18:54.779  WARN 1165 --- [SpringApplicationShutdownHook] o.s.b.f.support.DisposableBeanAdapter    : Invocation of destroy method failed on bean with name 'inMemoryDatabaseShutdownExecutor': org.h2.jdbc.JdbcSQLNonTransientConnectionException: Database is already closed (to disable automatic closing at VM shutdown, add ";DB_CLOSE_ON_EXIT=FALSE" to the db URL) [90121-200]
2021-12-02 06:18:54.780  INFO 1165 --- [SpringApplicationShutdownHook] com.zaxxer.hikari.HikariDataSource       : HikariPool-1 - Shutdown initiated...
2021-12-02 06:18:54.787  INFO 1165 --- [SpringApplicationShutdownHook] com.zaxxer.hikari.HikariDataSource       : HikariPool-1 - Shutdown completed.
2021-12-02 06:19:11.133  INFO 1267 --- [restartedMain] c.e.f.FoodOrderProducerApplication       : Starting FoodOrderProducerApplication using Java 17.0.1 on Balajis-MacBook-Pro.local with PID 1267 (/Users/balajivaradharajan/Documents/Development/Learning/Java/Spring/Kafka/handling-exception/food-order-producer/target/classes started by balajivaradharajan in /Users/balajivaradharajan/Documents/Development/Learning/Java/Spring/Kafka/handling-exception)
2021-12-02 06:19:11.135  INFO 1267 --- [restartedMain] c.e.f.FoodOrderProducerApplication       : No active profile set, falling back to default profiles: default
2021-12-02 06:19:11.186  INFO 1267 --- [restartedMain] .e.DevToolsPropertyDefaultsPostProcessor : Devtools property defaults active! Set 'spring.devtools.add-properties' to 'false' to disable
2021-12-02 06:19:11.186  INFO 1267 --- [restartedMain] .e.DevToolsPropertyDefaultsPostProcessor : For additional web related logging consider setting the 'logging.level.web' property to 'DEBUG'
2021-12-02 06:19:11.735  INFO 1267 --- [restartedMain] .s.d.r.c.RepositoryConfigurationDelegate : Bootstrapping Spring Data JPA repositories in DEFAULT mode.
2021-12-02 06:19:11.746  INFO 1267 --- [restartedMain] .s.d.r.c.RepositoryConfigurationDelegate : Finished Spring Data repository scanning in 4 ms. Found 0 JPA repository interfaces.
2021-12-02 06:19:12.203  INFO 1267 --- [restartedMain] o.s.b.w.embedded.tomcat.TomcatWebServer  : Tomcat initialized with port(s): 8082 (http)
2021-12-02 06:19:12.208  INFO 1267 --- [restartedMain] o.apache.catalina.core.StandardService   : Starting service [Tomcat]
2021-12-02 06:19:12.209  INFO 1267 --- [restartedMain] org.apache.catalina.core.StandardEngine  : Starting Servlet engine: [Apache Tomcat/9.0.55]
2021-12-02 06:19:12.266  INFO 1267 --- [restartedMain] o.a.c.c.C.[Tomcat].[localhost].[/]       : Initializing Spring embedded WebApplicationContext
2021-12-02 06:19:12.266  INFO 1267 --- [restartedMain] w.s.c.ServletWebServerApplicationContext : Root WebApplicationContext: initialization completed in 1079 ms
2021-12-02 06:19:12.288  INFO 1267 --- [restartedMain] com.zaxxer.hikari.HikariDataSource       : HikariPool-1 - Starting...
2021-12-02 06:19:12.360  INFO 1267 --- [restartedMain] com.zaxxer.hikari.HikariDataSource       : HikariPool-1 - Start completed.
2021-12-02 06:19:12.369  INFO 1267 --- [restartedMain] o.s.b.a.h2.H2ConsoleAutoConfiguration    : H2 console available at '/h2-console'. Database available at 'jdbc:h2:mem:e31827ef-6179-418f-ac97-0d828e7df526'
2021-12-02 06:19:12.475  INFO 1267 --- [restartedMain] o.hibernate.jpa.internal.util.LogHelper  : HHH000204: Processing PersistenceUnitInfo [name: default]
2021-12-02 06:19:12.505  INFO 1267 --- [restartedMain] org.hibernate.Version                    : HHH000412: Hibernate ORM core version 5.6.1.Final
2021-12-02 06:19:12.582  INFO 1267 --- [restartedMain] o.hibernate.annotations.common.Version   : HCANN000001: Hibernate Commons Annotations {5.1.2.Final}
2021-12-02 06:19:12.645  INFO 1267 --- [restartedMain] org.hibernate.dialect.Dialect            : HHH000400: Using dialect: org.hibernate.dialect.H2Dialect
2021-12-02 06:19:12.758  INFO 1267 --- [restartedMain] o.h.e.t.j.p.i.JtaPlatformInitiator       : HHH000490: Using JtaPlatform implementation: [org.hibernate.engine.transaction.jta.platform.internal.NoJtaPlatform]
2021-12-02 06:19:12.769  INFO 1267 --- [restartedMain] j.LocalContainerEntityManagerFactoryBean : Initialized JPA EntityManagerFactory for persistence unit 'default'
2021-12-02 06:19:12.879  WARN 1267 --- [restartedMain] JpaBaseConfiguration$JpaWebConfiguration : spring.jpa.open-in-view is enabled by default. Therefore, database queries may be performed during view rendering. Explicitly configure spring.jpa.open-in-view to disable this warning
2021-12-02 06:19:13.137  INFO 1267 --- [restartedMain] o.s.b.d.a.OptionalLiveReloadServer       : LiveReload server is running on port 35729
2021-12-02 06:19:13.168  INFO 1267 --- [restartedMain] o.s.b.w.embedded.tomcat.TomcatWebServer  : Tomcat started on port(s): 8082 (http) with context path ''
2021-12-02 06:19:13.178  INFO 1267 --- [restartedMain] c.e.f.FoodOrderProducerApplication       : Started FoodOrderProducerApplication in 2.399 seconds (JVM running for 3.138)
2021-12-02 06:19:17.490  INFO 1267 --- [http-nio-8082-exec-2] o.a.c.c.C.[Tomcat].[localhost].[/]       : Initializing Spring DispatcherServlet 'dispatcherServlet'
2021-12-02 06:19:17.490  INFO 1267 --- [http-nio-8082-exec-2] o.s.web.servlet.DispatcherServlet        : Initializing Servlet 'dispatcherServlet'
2021-12-02 06:19:17.491  INFO 1267 --- [http-nio-8082-exec-2] o.s.web.servlet.DispatcherServlet        : Completed initialization in 1 ms
2021-12-02 06:19:17.665  INFO 1267 --- [http-nio-8082-exec-2] o.a.k.clients.producer.ProducerConfig    : ProducerConfig values: 
	acks = -1
	batch.size = 16384
	bootstrap.servers = [localhost:9092]
	buffer.memory = 33554432
	client.dns.lookup = use_all_dns_ips
	client.id = producer-1
	compression.type = none
	connections.max.idle.ms = 540000
	delivery.timeout.ms = 120000
	enable.idempotence = true
	interceptor.classes = []
	key.serializer = class org.apache.kafka.common.serialization.StringSerializer
	linger.ms = 0
	max.block.ms = 60000
	max.in.flight.requests.per.connection = 5
	max.request.size = 1048576
	metadata.max.age.ms = 300000
	metadata.max.idle.ms = 300000
	metric.reporters = []
	metrics.num.samples = 2
	metrics.recording.level = INFO
	metrics.sample.window.ms = 30000
	partitioner.class = class org.apache.kafka.clients.producer.internals.DefaultPartitioner
	receive.buffer.bytes = 32768
	reconnect.backoff.max.ms = 1000
	reconnect.backoff.ms = 50
	request.timeout.ms = 30000
	retries = 2147483647
	retry.backoff.ms = 100
	sasl.client.callback.handler.class = null
	sasl.jaas.config = null
	sasl.kerberos.kinit.cmd = /usr/bin/kinit
	sasl.kerberos.min.time.before.relogin = 60000
	sasl.kerberos.service.name = null
	sasl.kerberos.ticket.renew.jitter = 0.05
	sasl.kerberos.ticket.renew.window.factor = 0.8
	sasl.login.callback.handler.class = null
	sasl.login.class = null
	sasl.login.refresh.buffer.seconds = 300
	sasl.login.refresh.min.period.seconds = 60
	sasl.login.refresh.window.factor = 0.8
	sasl.login.refresh.window.jitter = 0.05
	sasl.mechanism = GSSAPI
	security.protocol = PLAINTEXT
	security.providers = null
	send.buffer.bytes = 131072
	socket.connection.setup.timeout.max.ms = 30000
	socket.connection.setup.timeout.ms = 10000
	ssl.cipher.suites = null
	ssl.enabled.protocols = [TLSv1.2, TLSv1.3]
	ssl.endpoint.identification.algorithm = https
	ssl.engine.factory.class = null
	ssl.key.password = null
	ssl.keymanager.algorithm = SunX509
	ssl.keystore.certificate.chain = null
	ssl.keystore.key = null
	ssl.keystore.location = null
	ssl.keystore.password = null
	ssl.keystore.type = JKS
	ssl.protocol = TLSv1.3
	ssl.provider = null
	ssl.secure.random.implementation = null
	ssl.trustmanager.algorithm = PKIX
	ssl.truststore.certificates = null
	ssl.truststore.location = null
	ssl.truststore.password = null
	ssl.truststore.type = JKS
	transaction.timeout.ms = 60000
	transactional.id = null
	value.serializer = class org.apache.kafka.common.serialization.StringSerializer

2021-12-02 06:19:17.723  INFO 1267 --- [http-nio-8082-exec-2] o.a.kafka.common.utils.AppInfoParser     : Kafka version: 3.0.0
2021-12-02 06:19:17.724  INFO 1267 --- [http-nio-8082-exec-2] o.a.kafka.common.utils.AppInfoParser     : Kafka commitId: 8cb0a5e9d3441962
2021-12-02 06:19:17.724  INFO 1267 --- [http-nio-8082-exec-2] o.a.kafka.common.utils.AppInfoParser     : Kafka startTimeMs: 1638443957721
2021-12-02 06:19:17.973  INFO 1267 --- [kafka-producer-network-thread | producer-1] org.apache.kafka.clients.Metadata        : [Producer clientId=producer-1] Cluster ID: 3_rJb2NxSPWqNeklBTT14w
2021-12-02 07:06:05.843  WARN 1267 --- [HikariPool-1 housekeeper] com.zaxxer.hikari.pool.HikariPool        : HikariPool-1 - Thread starvation or clock leap detected (housekeeper delta=53s92ms).
2021-12-02 07:09:55.521  WARN 1267 --- [HikariPool-1 housekeeper] com.zaxxer.hikari.pool.HikariPool        : HikariPool-1 - Thread starvation or clock leap detected (housekeeper delta=3m19s669ms).
2021-12-02 07:22:20.092  WARN 1267 --- [HikariPool-1 housekeeper] com.zaxxer.hikari.pool.HikariPool        : HikariPool-1 - Thread starvation or clock leap detected (housekeeper delta=54s477ms).
2021-12-02 07:24:28.087  WARN 1267 --- [HikariPool-1 housekeeper] com.zaxxer.hikari.pool.HikariPool        : HikariPool-1 - Thread starvation or clock leap detected (housekeeper delta=1m37s235ms).
2021-12-02 07:29:00.874  INFO 1267 --- [SpringApplicationShutdownHook] o.a.k.clients.producer.KafkaProducer     : [Producer clientId=producer-1] Closing the Kafka producer with timeoutMillis = 30000 ms.
2021-12-02 07:29:00.879  INFO 1267 --- [SpringApplicationShutdownHook] org.apache.kafka.common.metrics.Metrics  : Metrics scheduler closed
2021-12-02 07:29:00.880  INFO 1267 --- [SpringApplicationShutdownHook] org.apache.kafka.common.metrics.Metrics  : Closing reporter org.apache.kafka.common.metrics.JmxReporter
2021-12-02 07:29:00.880  INFO 1267 --- [SpringApplicationShutdownHook] org.apache.kafka.common.metrics.Metrics  : Metrics reporters closed
2021-12-02 07:29:00.881  INFO 1267 --- [SpringApplicationShutdownHook] o.a.kafka.common.utils.AppInfoParser     : App info kafka.producer for producer-1 unregistered
2021-12-02 07:29:00.881  INFO 1267 --- [SpringApplicationShutdownHook] j.LocalContainerEntityManagerFactoryBean : Closing JPA EntityManagerFactory for persistence unit 'default'
2021-12-02 07:29:00.882  INFO 1267 --- [SpringApplicationShutdownHook] .SchemaDropperImpl$DelayedDropActionImpl : HHH000477: Starting delayed evictData of schema as part of SessionFactory shut-down'
2021-12-02 07:29:01.115  WARN 1267 --- [SpringApplicationShutdownHook] o.s.b.f.support.DisposableBeanAdapter    : Invocation of destroy method failed on bean with name 'inMemoryDatabaseShutdownExecutor': org.h2.jdbc.JdbcSQLNonTransientConnectionException: Database is already closed (to disable automatic closing at VM shutdown, add ";DB_CLOSE_ON_EXIT=FALSE" to the db URL) [90121-200]
2021-12-02 07:29:01.116  INFO 1267 --- [SpringApplicationShutdownHook] com.zaxxer.hikari.HikariDataSource       : HikariPool-1 - Shutdown initiated...
2021-12-02 07:29:01.121  INFO 1267 --- [SpringApplicationShutdownHook] com.zaxxer.hikari.HikariDataSource       : HikariPool-1 - Shutdown completed.
2021-12-02 07:29:51.537  INFO 1509 --- [restartedMain] c.e.f.FoodOrderProducerApplication       : Starting FoodOrderProducerApplication using Java 17.0.1 on Balajis-MacBook-Pro.local with PID 1509 (/Users/balajivaradharajan/Documents/Development/Learning/Java/Spring/Kafka/handling-exception/food-order-producer/target/classes started by balajivaradharajan in /Users/balajivaradharajan/Documents/Development/Learning/Java/Spring/Kafka/handling-exception)
2021-12-02 07:29:51.538  INFO 1509 --- [restartedMain] c.e.f.FoodOrderProducerApplication       : No active profile set, falling back to default profiles: default
2021-12-02 07:29:51.578  INFO 1509 --- [restartedMain] .e.DevToolsPropertyDefaultsPostProcessor : Devtools property defaults active! Set 'spring.devtools.add-properties' to 'false' to disable
2021-12-02 07:29:51.579  INFO 1509 --- [restartedMain] .e.DevToolsPropertyDefaultsPostProcessor : For additional web related logging consider setting the 'logging.level.web' property to 'DEBUG'
2021-12-02 07:29:52.084  INFO 1509 --- [restartedMain] .s.d.r.c.RepositoryConfigurationDelegate : Bootstrapping Spring Data JPA repositories in DEFAULT mode.
2021-12-02 07:29:52.097  INFO 1509 --- [restartedMain] .s.d.r.c.RepositoryConfigurationDelegate : Finished Spring Data repository scanning in 5 ms. Found 0 JPA repository interfaces.
2021-12-02 07:29:52.571  INFO 1509 --- [restartedMain] o.s.b.w.embedded.tomcat.TomcatWebServer  : Tomcat initialized with port(s): 8082 (http)
2021-12-02 07:29:52.578  INFO 1509 --- [restartedMain] o.apache.catalina.core.StandardService   : Starting service [Tomcat]
2021-12-02 07:29:52.579  INFO 1509 --- [restartedMain] org.apache.catalina.core.StandardEngine  : Starting Servlet engine: [Apache Tomcat/9.0.55]
2021-12-02 07:29:52.650  INFO 1509 --- [restartedMain] o.a.c.c.C.[Tomcat].[localhost].[/]       : Initializing Spring embedded WebApplicationContext
2021-12-02 07:29:52.650  INFO 1509 --- [restartedMain] w.s.c.ServletWebServerApplicationContext : Root WebApplicationContext: initialization completed in 1071 ms
2021-12-02 07:29:52.675  INFO 1509 --- [restartedMain] com.zaxxer.hikari.HikariDataSource       : HikariPool-1 - Starting...
2021-12-02 07:29:52.760  INFO 1509 --- [restartedMain] com.zaxxer.hikari.HikariDataSource       : HikariPool-1 - Start completed.
2021-12-02 07:29:52.769  INFO 1509 --- [restartedMain] o.s.b.a.h2.H2ConsoleAutoConfiguration    : H2 console available at '/h2-console'. Database available at 'jdbc:h2:mem:c2a62f03-0436-4a01-8049-d0488987431c'
2021-12-02 07:29:52.916  INFO 1509 --- [restartedMain] o.hibernate.jpa.internal.util.LogHelper  : HHH000204: Processing PersistenceUnitInfo [name: default]
2021-12-02 07:29:52.948  INFO 1509 --- [restartedMain] org.hibernate.Version                    : HHH000412: Hibernate ORM core version 5.6.1.Final
2021-12-02 07:29:53.067  INFO 1509 --- [restartedMain] o.hibernate.annotations.common.Version   : HCANN000001: Hibernate Commons Annotations {5.1.2.Final}
2021-12-02 07:29:53.145  INFO 1509 --- [restartedMain] org.hibernate.dialect.Dialect            : HHH000400: Using dialect: org.hibernate.dialect.H2Dialect
2021-12-02 07:29:53.276  INFO 1509 --- [restartedMain] o.h.e.t.j.p.i.JtaPlatformInitiator       : HHH000490: Using JtaPlatform implementation: [org.hibernate.engine.transaction.jta.platform.internal.NoJtaPlatform]
2021-12-02 07:29:53.288  INFO 1509 --- [restartedMain] j.LocalContainerEntityManagerFactoryBean : Initialized JPA EntityManagerFactory for persistence unit 'default'
2021-12-02 07:29:53.407  WARN 1509 --- [restartedMain] JpaBaseConfiguration$JpaWebConfiguration : spring.jpa.open-in-view is enabled by default. Therefore, database queries may be performed during view rendering. Explicitly configure spring.jpa.open-in-view to disable this warning
2021-12-02 07:29:53.644  INFO 1509 --- [restartedMain] o.s.b.d.a.OptionalLiveReloadServer       : LiveReload server is running on port 35729
2021-12-02 07:29:53.674  INFO 1509 --- [restartedMain] o.s.b.w.embedded.tomcat.TomcatWebServer  : Tomcat started on port(s): 8082 (http) with context path ''
2021-12-02 07:29:53.686  INFO 1509 --- [restartedMain] c.e.f.FoodOrderProducerApplication       : Started FoodOrderProducerApplication in 2.442 seconds (JVM running for 2.977)
2021-12-02 07:30:04.637  INFO 1509 --- [http-nio-8082-exec-2] o.a.c.c.C.[Tomcat].[localhost].[/]       : Initializing Spring DispatcherServlet 'dispatcherServlet'
2021-12-02 07:30:04.638  INFO 1509 --- [http-nio-8082-exec-2] o.s.web.servlet.DispatcherServlet        : Initializing Servlet 'dispatcherServlet'
2021-12-02 07:30:04.639  INFO 1509 --- [http-nio-8082-exec-2] o.s.web.servlet.DispatcherServlet        : Completed initialization in 1 ms
2021-12-02 07:30:04.800  INFO 1509 --- [http-nio-8082-exec-2] o.a.k.clients.producer.ProducerConfig    : ProducerConfig values: 
	acks = -1
	batch.size = 16384
	bootstrap.servers = [localhost:9092]
	buffer.memory = 33554432
	client.dns.lookup = use_all_dns_ips
	client.id = producer-1
	compression.type = none
	connections.max.idle.ms = 540000
	delivery.timeout.ms = 120000
	enable.idempotence = true
	interceptor.classes = []
	key.serializer = class org.apache.kafka.common.serialization.StringSerializer
	linger.ms = 0
	max.block.ms = 60000
	max.in.flight.requests.per.connection = 5
	max.request.size = 1048576
	metadata.max.age.ms = 300000
	metadata.max.idle.ms = 300000
	metric.reporters = []
	metrics.num.samples = 2
	metrics.recording.level = INFO
	metrics.sample.window.ms = 30000
	partitioner.class = class org.apache.kafka.clients.producer.internals.DefaultPartitioner
	receive.buffer.bytes = 32768
	reconnect.backoff.max.ms = 1000
	reconnect.backoff.ms = 50
	request.timeout.ms = 30000
	retries = 2147483647
	retry.backoff.ms = 100
	sasl.client.callback.handler.class = null
	sasl.jaas.config = null
	sasl.kerberos.kinit.cmd = /usr/bin/kinit
	sasl.kerberos.min.time.before.relogin = 60000
	sasl.kerberos.service.name = null
	sasl.kerberos.ticket.renew.jitter = 0.05
	sasl.kerberos.ticket.renew.window.factor = 0.8
	sasl.login.callback.handler.class = null
	sasl.login.class = null
	sasl.login.refresh.buffer.seconds = 300
	sasl.login.refresh.min.period.seconds = 60
	sasl.login.refresh.window.factor = 0.8
	sasl.login.refresh.window.jitter = 0.05
	sasl.mechanism = GSSAPI
	security.protocol = PLAINTEXT
	security.providers = null
	send.buffer.bytes = 131072
	socket.connection.setup.timeout.max.ms = 30000
	socket.connection.setup.timeout.ms = 10000
	ssl.cipher.suites = null
	ssl.enabled.protocols = [TLSv1.2, TLSv1.3]
	ssl.endpoint.identification.algorithm = https
	ssl.engine.factory.class = null
	ssl.key.password = null
	ssl.keymanager.algorithm = SunX509
	ssl.keystore.certificate.chain = null
	ssl.keystore.key = null
	ssl.keystore.location = null
	ssl.keystore.password = null
	ssl.keystore.type = JKS
	ssl.protocol = TLSv1.3
	ssl.provider = null
	ssl.secure.random.implementation = null
	ssl.trustmanager.algorithm = PKIX
	ssl.truststore.certificates = null
	ssl.truststore.location = null
	ssl.truststore.password = null
	ssl.truststore.type = JKS
	transaction.timeout.ms = 60000
	transactional.id = null
	value.serializer = class org.apache.kafka.common.serialization.StringSerializer

2021-12-02 07:30:04.853  INFO 1509 --- [http-nio-8082-exec-2] o.a.kafka.common.utils.AppInfoParser     : Kafka version: 3.0.0
2021-12-02 07:30:04.853  INFO 1509 --- [http-nio-8082-exec-2] o.a.kafka.common.utils.AppInfoParser     : Kafka commitId: 8cb0a5e9d3441962
2021-12-02 07:30:04.853  INFO 1509 --- [http-nio-8082-exec-2] o.a.kafka.common.utils.AppInfoParser     : Kafka startTimeMs: 1638448204851
2021-12-02 07:30:05.064  INFO 1509 --- [kafka-producer-network-thread | producer-1] org.apache.kafka.clients.Metadata        : [Producer clientId=producer-1] Cluster ID: 3_rJb2NxSPWqNeklBTT14w
2021-12-02 07:31:37.273  INFO 1509 --- [SpringApplicationShutdownHook] o.a.k.clients.producer.KafkaProducer     : [Producer clientId=producer-1] Closing the Kafka producer with timeoutMillis = 30000 ms.
2021-12-02 07:31:37.279  INFO 1509 --- [SpringApplicationShutdownHook] org.apache.kafka.common.metrics.Metrics  : Metrics scheduler closed
2021-12-02 07:31:37.279  INFO 1509 --- [SpringApplicationShutdownHook] org.apache.kafka.common.metrics.Metrics  : Closing reporter org.apache.kafka.common.metrics.JmxReporter
2021-12-02 07:31:37.280  INFO 1509 --- [SpringApplicationShutdownHook] org.apache.kafka.common.metrics.Metrics  : Metrics reporters closed
2021-12-02 07:31:37.280  INFO 1509 --- [SpringApplicationShutdownHook] o.a.kafka.common.utils.AppInfoParser     : App info kafka.producer for producer-1 unregistered
2021-12-02 07:31:37.281  INFO 1509 --- [SpringApplicationShutdownHook] j.LocalContainerEntityManagerFactoryBean : Closing JPA EntityManagerFactory for persistence unit 'default'
2021-12-02 07:31:37.282  INFO 1509 --- [SpringApplicationShutdownHook] .SchemaDropperImpl$DelayedDropActionImpl : HHH000477: Starting delayed evictData of schema as part of SessionFactory shut-down'
2021-12-02 07:31:37.508  WARN 1509 --- [SpringApplicationShutdownHook] o.s.b.f.support.DisposableBeanAdapter    : Invocation of destroy method failed on bean with name 'inMemoryDatabaseShutdownExecutor': org.h2.jdbc.JdbcSQLNonTransientConnectionException: Database is already closed (to disable automatic closing at VM shutdown, add ";DB_CLOSE_ON_EXIT=FALSE" to the db URL) [90121-200]
2021-12-02 07:31:37.508  INFO 1509 --- [SpringApplicationShutdownHook] com.zaxxer.hikari.HikariDataSource       : HikariPool-1 - Shutdown initiated...
2021-12-02 07:31:37.517  INFO 1509 --- [SpringApplicationShutdownHook] com.zaxxer.hikari.HikariDataSource       : HikariPool-1 - Shutdown completed.
2021-12-02 07:32:39.577  INFO 1524 --- [restartedMain] c.e.f.FoodOrderProducerApplication       : Starting FoodOrderProducerApplication using Java 17.0.1 on Balajis-MacBook-Pro.local with PID 1524 (/Users/balajivaradharajan/Documents/Development/Learning/Java/Spring/Kafka/handling-exception/food-order-producer/target/classes started by balajivaradharajan in /Users/balajivaradharajan/Documents/Development/Learning/Java/Spring/Kafka/handling-exception)
2021-12-02 07:32:39.579  INFO 1524 --- [restartedMain] c.e.f.FoodOrderProducerApplication       : No active profile set, falling back to default profiles: default
2021-12-02 07:32:39.628  INFO 1524 --- [restartedMain] .e.DevToolsPropertyDefaultsPostProcessor : Devtools property defaults active! Set 'spring.devtools.add-properties' to 'false' to disable
2021-12-02 07:32:39.629  INFO 1524 --- [restartedMain] .e.DevToolsPropertyDefaultsPostProcessor : For additional web related logging consider setting the 'logging.level.web' property to 'DEBUG'
2021-12-02 07:32:40.126  INFO 1524 --- [restartedMain] .s.d.r.c.RepositoryConfigurationDelegate : Bootstrapping Spring Data JPA repositories in DEFAULT mode.
2021-12-02 07:32:40.136  INFO 1524 --- [restartedMain] .s.d.r.c.RepositoryConfigurationDelegate : Finished Spring Data repository scanning in 4 ms. Found 0 JPA repository interfaces.
2021-12-02 07:32:40.576  INFO 1524 --- [restartedMain] o.s.b.w.embedded.tomcat.TomcatWebServer  : Tomcat initialized with port(s): 8082 (http)
2021-12-02 07:32:40.582  INFO 1524 --- [restartedMain] o.apache.catalina.core.StandardService   : Starting service [Tomcat]
2021-12-02 07:32:40.582  INFO 1524 --- [restartedMain] org.apache.catalina.core.StandardEngine  : Starting Servlet engine: [Apache Tomcat/9.0.55]
2021-12-02 07:32:40.646  INFO 1524 --- [restartedMain] o.a.c.c.C.[Tomcat].[localhost].[/]       : Initializing Spring embedded WebApplicationContext
2021-12-02 07:32:40.647  INFO 1524 --- [restartedMain] w.s.c.ServletWebServerApplicationContext : Root WebApplicationContext: initialization completed in 1018 ms
2021-12-02 07:32:40.671  INFO 1524 --- [restartedMain] com.zaxxer.hikari.HikariDataSource       : HikariPool-1 - Starting...
2021-12-02 07:32:40.741  INFO 1524 --- [restartedMain] com.zaxxer.hikari.HikariDataSource       : HikariPool-1 - Start completed.
2021-12-02 07:32:40.748  INFO 1524 --- [restartedMain] o.s.b.a.h2.H2ConsoleAutoConfiguration    : H2 console available at '/h2-console'. Database available at 'jdbc:h2:mem:c3d1519e-7282-4625-8d61-441a8e4494aa'
2021-12-02 07:32:40.855  INFO 1524 --- [restartedMain] o.hibernate.jpa.internal.util.LogHelper  : HHH000204: Processing PersistenceUnitInfo [name: default]
2021-12-02 07:32:40.883  INFO 1524 --- [restartedMain] org.hibernate.Version                    : HHH000412: Hibernate ORM core version 5.6.1.Final
2021-12-02 07:32:40.956  INFO 1524 --- [restartedMain] o.hibernate.annotations.common.Version   : HCANN000001: Hibernate Commons Annotations {5.1.2.Final}
2021-12-02 07:32:41.009  INFO 1524 --- [restartedMain] org.hibernate.dialect.Dialect            : HHH000400: Using dialect: org.hibernate.dialect.H2Dialect
2021-12-02 07:32:41.109  INFO 1524 --- [restartedMain] o.h.e.t.j.p.i.JtaPlatformInitiator       : HHH000490: Using JtaPlatform implementation: [org.hibernate.engine.transaction.jta.platform.internal.NoJtaPlatform]
2021-12-02 07:32:41.118  INFO 1524 --- [restartedMain] j.LocalContainerEntityManagerFactoryBean : Initialized JPA EntityManagerFactory for persistence unit 'default'
2021-12-02 07:32:41.216  WARN 1524 --- [restartedMain] JpaBaseConfiguration$JpaWebConfiguration : spring.jpa.open-in-view is enabled by default. Therefore, database queries may be performed during view rendering. Explicitly configure spring.jpa.open-in-view to disable this warning
2021-12-02 07:32:41.429  INFO 1524 --- [restartedMain] o.s.b.d.a.OptionalLiveReloadServer       : LiveReload server is running on port 35729
2021-12-02 07:32:41.455  INFO 1524 --- [restartedMain] o.s.b.w.embedded.tomcat.TomcatWebServer  : Tomcat started on port(s): 8082 (http) with context path ''
2021-12-02 07:32:41.467  INFO 1524 --- [restartedMain] c.e.f.FoodOrderProducerApplication       : Started FoodOrderProducerApplication in 2.244 seconds (JVM running for 2.968)
2021-12-02 07:32:50.364  INFO 1524 --- [http-nio-8082-exec-2] o.a.c.c.C.[Tomcat].[localhost].[/]       : Initializing Spring DispatcherServlet 'dispatcherServlet'
2021-12-02 07:32:50.365  INFO 1524 --- [http-nio-8082-exec-2] o.s.web.servlet.DispatcherServlet        : Initializing Servlet 'dispatcherServlet'
2021-12-02 07:32:50.366  INFO 1524 --- [http-nio-8082-exec-2] o.s.web.servlet.DispatcherServlet        : Completed initialization in 1 ms
2021-12-02 07:32:50.533  INFO 1524 --- [http-nio-8082-exec-2] o.a.k.clients.producer.ProducerConfig    : ProducerConfig values: 
	acks = -1
	batch.size = 16384
	bootstrap.servers = [localhost:9092]
	buffer.memory = 33554432
	client.dns.lookup = use_all_dns_ips
	client.id = producer-1
	compression.type = none
	connections.max.idle.ms = 540000
	delivery.timeout.ms = 120000
	enable.idempotence = true
	interceptor.classes = []
	key.serializer = class org.apache.kafka.common.serialization.StringSerializer
	linger.ms = 0
	max.block.ms = 60000
	max.in.flight.requests.per.connection = 5
	max.request.size = 1048576
	metadata.max.age.ms = 300000
	metadata.max.idle.ms = 300000
	metric.reporters = []
	metrics.num.samples = 2
	metrics.recording.level = INFO
	metrics.sample.window.ms = 30000
	partitioner.class = class org.apache.kafka.clients.producer.internals.DefaultPartitioner
	receive.buffer.bytes = 32768
	reconnect.backoff.max.ms = 1000
	reconnect.backoff.ms = 50
	request.timeout.ms = 30000
	retries = 2147483647
	retry.backoff.ms = 100
	sasl.client.callback.handler.class = null
	sasl.jaas.config = null
	sasl.kerberos.kinit.cmd = /usr/bin/kinit
	sasl.kerberos.min.time.before.relogin = 60000
	sasl.kerberos.service.name = null
	sasl.kerberos.ticket.renew.jitter = 0.05
	sasl.kerberos.ticket.renew.window.factor = 0.8
	sasl.login.callback.handler.class = null
	sasl.login.class = null
	sasl.login.refresh.buffer.seconds = 300
	sasl.login.refresh.min.period.seconds = 60
	sasl.login.refresh.window.factor = 0.8
	sasl.login.refresh.window.jitter = 0.05
	sasl.mechanism = GSSAPI
	security.protocol = PLAINTEXT
	security.providers = null
	send.buffer.bytes = 131072
	socket.connection.setup.timeout.max.ms = 30000
	socket.connection.setup.timeout.ms = 10000
	ssl.cipher.suites = null
	ssl.enabled.protocols = [TLSv1.2, TLSv1.3]
	ssl.endpoint.identification.algorithm = https
	ssl.engine.factory.class = null
	ssl.key.password = null
	ssl.keymanager.algorithm = SunX509
	ssl.keystore.certificate.chain = null
	ssl.keystore.key = null
	ssl.keystore.location = null
	ssl.keystore.password = null
	ssl.keystore.type = JKS
	ssl.protocol = TLSv1.3
	ssl.provider = null
	ssl.secure.random.implementation = null
	ssl.trustmanager.algorithm = PKIX
	ssl.truststore.certificates = null
	ssl.truststore.location = null
	ssl.truststore.password = null
	ssl.truststore.type = JKS
	transaction.timeout.ms = 60000
	transactional.id = null
	value.serializer = class org.apache.kafka.common.serialization.StringSerializer

2021-12-02 07:32:50.579  INFO 1524 --- [http-nio-8082-exec-2] o.a.kafka.common.utils.AppInfoParser     : Kafka version: 3.0.0
2021-12-02 07:32:50.580  INFO 1524 --- [http-nio-8082-exec-2] o.a.kafka.common.utils.AppInfoParser     : Kafka commitId: 8cb0a5e9d3441962
2021-12-02 07:32:50.580  INFO 1524 --- [http-nio-8082-exec-2] o.a.kafka.common.utils.AppInfoParser     : Kafka startTimeMs: 1638448370578
2021-12-02 07:32:50.794  INFO 1524 --- [kafka-producer-network-thread | producer-1] org.apache.kafka.clients.Metadata        : [Producer clientId=producer-1] Cluster ID: 3_rJb2NxSPWqNeklBTT14w
2021-12-02 07:33:25.006  INFO 1524 --- [SpringApplicationShutdownHook] o.a.k.clients.producer.KafkaProducer     : [Producer clientId=producer-1] Closing the Kafka producer with timeoutMillis = 30000 ms.
2021-12-02 07:33:25.011  INFO 1524 --- [SpringApplicationShutdownHook] org.apache.kafka.common.metrics.Metrics  : Metrics scheduler closed
2021-12-02 07:33:25.012  INFO 1524 --- [SpringApplicationShutdownHook] org.apache.kafka.common.metrics.Metrics  : Closing reporter org.apache.kafka.common.metrics.JmxReporter
2021-12-02 07:33:25.012  INFO 1524 --- [SpringApplicationShutdownHook] org.apache.kafka.common.metrics.Metrics  : Metrics reporters closed
2021-12-02 07:33:25.013  INFO 1524 --- [SpringApplicationShutdownHook] o.a.kafka.common.utils.AppInfoParser     : App info kafka.producer for producer-1 unregistered
2021-12-02 07:33:25.014  INFO 1524 --- [SpringApplicationShutdownHook] j.LocalContainerEntityManagerFactoryBean : Closing JPA EntityManagerFactory for persistence unit 'default'
2021-12-02 07:33:25.014  INFO 1524 --- [SpringApplicationShutdownHook] .SchemaDropperImpl$DelayedDropActionImpl : HHH000477: Starting delayed evictData of schema as part of SessionFactory shut-down'
2021-12-02 07:33:25.237  WARN 1524 --- [SpringApplicationShutdownHook] o.s.b.f.support.DisposableBeanAdapter    : Invocation of destroy method failed on bean with name 'inMemoryDatabaseShutdownExecutor': org.h2.jdbc.JdbcSQLNonTransientConnectionException: Database is already closed (to disable automatic closing at VM shutdown, add ";DB_CLOSE_ON_EXIT=FALSE" to the db URL) [90121-200]
2021-12-02 07:33:25.238  INFO 1524 --- [SpringApplicationShutdownHook] com.zaxxer.hikari.HikariDataSource       : HikariPool-1 - Shutdown initiated...
2021-12-02 07:33:25.244  INFO 1524 --- [SpringApplicationShutdownHook] com.zaxxer.hikari.HikariDataSource       : HikariPool-1 - Shutdown completed.
